d:\projects\trunk\server\server\游戏组件\大连客户\水浒传\服务器控制\debug_unicode\watermarginserverdebug.pch
d:\projects\trunk\server\server\游戏组件\大连客户\水浒传\服务器控制\debug_unicode\vc140.pdb
d:\projects\trunk\server\server\游戏组件\大连客户\水浒传\服务器控制\debug_unicode\vc140.idb
d:\projects\trunk\server\server\游戏组件\大连客户\水浒传\服务器控制\debug_unicode\stdafx.obj
d:\projects\trunk\server\server\游戏组件\大连客户\水浒传\服务器控制\debug_unicode\servercontrol.obj
d:\projects\trunk\server\server\游戏组件\大连客户\水浒传\服务器控制\debug_unicode\servercontrolitemsink.obj
d:\projects\trunk\server\server\运行\debug\unicode\watermarginserverdebug.ilk
d:\projects\trunk\server\server\运行\debug\unicode\watermarginserverdebug.dll
d:\projects\trunk\server\server\运行\debug\unicode\watermarginserverdebug.pdb
d:\projects\trunk\server\server\游戏组件\大连客户\水浒传\服务器控制\debug_unicode\servercontrol.res
d:\projects\trunk\server\server\运行\debug\unicode\servercontrol.lib
d:\projects\trunk\server\server\运行\debug\unicode\servercontrol.exp
d:\projects\trunk\server\server\游戏组件\大连客户\水浒传\服务器控制\debug_unicode\flash.tli
d:\projects\trunk\server\server\游戏组件\大连客户\水浒传\服务器控制\debug_unicode\msado15.tli
d:\projects\trunk\server\server\游戏组件\大连客户\水浒传\服务器控制\debug_unicode\flash.tlh
d:\projects\trunk\server\server\游戏组件\大连客户\水浒传\服务器控制\debug_unicode\msado15.tlh
d:\projects\trunk\server\server\游戏组件\大连客户\水浒传\服务器控制\../../../../运行/debug/unicode/watermarginserverdebug.dll
d:\projects\trunk\server\server\游戏组件\大连客户\水浒传\服务器控制\debug_unicode\服务器调试.tlog\cl.command.1.tlog
d:\projects\trunk\server\server\游戏组件\大连客户\水浒传\服务器控制\debug_unicode\服务器调试.tlog\cl.read.1.tlog
d:\projects\trunk\server\server\游戏组件\大连客户\水浒传\服务器控制\debug_unicode\服务器调试.tlog\cl.write.1.tlog
d:\projects\trunk\server\server\游戏组件\大连客户\水浒传\服务器控制\debug_unicode\服务器调试.tlog\link.command.1.tlog
d:\projects\trunk\server\server\游戏组件\大连客户\水浒传\服务器控制\debug_unicode\服务器调试.tlog\link.read.1.tlog
d:\projects\trunk\server\server\游戏组件\大连客户\水浒传\服务器控制\debug_unicode\服务器调试.tlog\link.write.1.tlog
d:\projects\trunk\server\server\游戏组件\大连客户\水浒传\服务器控制\debug_unicode\服务器调试.tlog\rc.command.1.tlog
d:\projects\trunk\server\server\游戏组件\大连客户\水浒传\服务器控制\debug_unicode\服务器调试.tlog\rc.read.1.tlog
d:\projects\trunk\server\server\游戏组件\大连客户\水浒传\服务器控制\debug_unicode\服务器调试.tlog\rc.write.1.tlog
d:\projects\trunk\server\server\游戏组件\大连客户\水浒传\服务器控制\debug_unicode\服务器调试.tlog\服务器调试.write.1u.tlog
