d:\projects\trunk\server\server\游戏组件\大连客户\水浒传\服务器控制\debug_unicode\watermarginservercontrol.pch
d:\projects\trunk\server\server\游戏组件\大连客户\水浒传\服务器控制\debug_unicode\vc140.pdb
d:\projects\trunk\server\server\游戏组件\大连客户\水浒传\服务器控制\debug_unicode\vc140.idb
d:\projects\trunk\server\server\游戏组件\大连客户\水浒传\服务器控制\debug_unicode\stdafx.obj
d:\projects\trunk\server\server\游戏组件\大连客户\水浒传\服务器控制\debug_unicode\servercontrol.obj
d:\projects\trunk\server\server\游戏组件\大连客户\水浒传\服务器控制\debug_unicode\servercontrolitemsink.obj
d:\projects\trunk\server\server\运行\debug\unicode\watermarginservercontrol.ilk
d:\projects\trunk\server\server\运行\debug\unicode\watermarginservercontrol.dll
d:\projects\trunk\server\server\运行\debug\unicode\watermarginservercontrol.pdb
d:\projects\trunk\server\server\游戏组件\大连客户\水浒传\服务器控制\debug_unicode\servercontrol.res
d:\projects\trunk\server\server\运行\debug\unicode\servercontrol.lib
d:\projects\trunk\server\server\运行\debug\unicode\servercontrol.exp
d:\projects\trunk\server\server\游戏组件\大连客户\水浒传\服务器控制\debug_unicode\flash.tli
d:\projects\trunk\server\server\游戏组件\大连客户\水浒传\服务器控制\debug_unicode\msado15.tli
d:\projects\trunk\server\server\游戏组件\大连客户\水浒传\服务器控制\debug_unicode\flash.tlh
d:\projects\trunk\server\server\游戏组件\大连客户\水浒传\服务器控制\debug_unicode\msado15.tlh
d:\projects\trunk\server\server\游戏组件\大连客户\水浒传\服务器控制\../../../../运行/debug/unicode/watermarginservercontrol.dll
d:\projects\trunk\server\server\游戏组件\大连客户\水浒传\服务器控制\debug_unicode\控制服务器.tlog\cl.command.1.tlog
d:\projects\trunk\server\server\游戏组件\大连客户\水浒传\服务器控制\debug_unicode\控制服务器.tlog\cl.read.1.tlog
d:\projects\trunk\server\server\游戏组件\大连客户\水浒传\服务器控制\debug_unicode\控制服务器.tlog\cl.write.1.tlog
d:\projects\trunk\server\server\游戏组件\大连客户\水浒传\服务器控制\debug_unicode\控制服务器.tlog\link.command.1.tlog
d:\projects\trunk\server\server\游戏组件\大连客户\水浒传\服务器控制\debug_unicode\控制服务器.tlog\link.read.1.tlog
d:\projects\trunk\server\server\游戏组件\大连客户\水浒传\服务器控制\debug_unicode\控制服务器.tlog\link.write.1.tlog
d:\projects\trunk\server\server\游戏组件\大连客户\水浒传\服务器控制\debug_unicode\控制服务器.tlog\rc.command.1.tlog
d:\projects\trunk\server\server\游戏组件\大连客户\水浒传\服务器控制\debug_unicode\控制服务器.tlog\rc.read.1.tlog
d:\projects\trunk\server\server\游戏组件\大连客户\水浒传\服务器控制\debug_unicode\控制服务器.tlog\rc.write.1.tlog
d:\projects\trunk\server\server\游戏组件\大连客户\水浒传\服务器控制\debug_unicode\控制服务器.tlog\控制服务器.write.1u.tlog
