d:\projects\trunk\server\server\游戏组件\大连客户\新百家乐（超级抢庄版）\服务器控制\debug_unicode\服务端调试.pch
d:\projects\trunk\server\server\游戏组件\大连客户\新百家乐（超级抢庄版）\服务器控制\debug_unicode\vc140.pdb
d:\projects\trunk\server\server\游戏组件\大连客户\新百家乐（超级抢庄版）\服务器控制\debug_unicode\vc140.idb
d:\projects\trunk\server\server\游戏组件\大连客户\新百家乐（超级抢庄版）\服务器控制\debug_unicode\stdafx.obj
d:\projects\trunk\server\server\游戏组件\大连客户\新百家乐（超级抢庄版）\服务器控制\debug_unicode\servercontrol.obj
d:\projects\trunk\server\server\游戏组件\大连客户\新百家乐（超级抢庄版）\服务器控制\debug_unicode\servercontrolitemsink.obj
d:\projects\trunk\server\server\运行\debug\unicode\baccaratnewservercontrol.ilk
d:\projects\trunk\server\server\运行\debug\unicode\baccaratnewservercontrol.dll
d:\projects\trunk\server\server\游戏组件\大连客户\新百家乐（超级抢庄版）\服务器控制\debug_unicode\服务端调试.pdb
d:\projects\trunk\server\server\游戏组件\大连客户\新百家乐（超级抢庄版）\服务器控制\debug_unicode\servercontrol.res
d:\projects\trunk\server\server\游戏组件\大连客户\新百家乐（超级抢庄版）\服务器控制\debug_unicode\servercontrol.lib
d:\projects\trunk\server\server\游戏组件\大连客户\新百家乐（超级抢庄版）\服务器控制\debug_unicode\servercontrol.exp
d:\projects\trunk\server\server\游戏组件\大连客户\新百家乐（超级抢庄版）\服务器控制\debug_unicode\flash.tli
d:\projects\trunk\server\server\游戏组件\大连客户\新百家乐（超级抢庄版）\服务器控制\debug_unicode\msado15.tli
d:\projects\trunk\server\server\游戏组件\大连客户\新百家乐（超级抢庄版）\服务器控制\debug_unicode\flash.tlh
d:\projects\trunk\server\server\游戏组件\大连客户\新百家乐（超级抢庄版）\服务器控制\debug_unicode\msado15.tlh
d:\projects\trunk\server\server\游戏组件\大连客户\新百家乐（超级抢庄版）\服务器控制\debug_unicode\服务端调试.tlog\cl.command.1.tlog
d:\projects\trunk\server\server\游戏组件\大连客户\新百家乐（超级抢庄版）\服务器控制\debug_unicode\服务端调试.tlog\cl.read.1.tlog
d:\projects\trunk\server\server\游戏组件\大连客户\新百家乐（超级抢庄版）\服务器控制\debug_unicode\服务端调试.tlog\cl.write.1.tlog
d:\projects\trunk\server\server\游戏组件\大连客户\新百家乐（超级抢庄版）\服务器控制\debug_unicode\服务端调试.tlog\link.command.1.tlog
d:\projects\trunk\server\server\游戏组件\大连客户\新百家乐（超级抢庄版）\服务器控制\debug_unicode\服务端调试.tlog\link.read.1.tlog
d:\projects\trunk\server\server\游戏组件\大连客户\新百家乐（超级抢庄版）\服务器控制\debug_unicode\服务端调试.tlog\link.write.1.tlog
d:\projects\trunk\server\server\游戏组件\大连客户\新百家乐（超级抢庄版）\服务器控制\debug_unicode\服务端调试.tlog\rc.command.1.tlog
d:\projects\trunk\server\server\游戏组件\大连客户\新百家乐（超级抢庄版）\服务器控制\debug_unicode\服务端调试.tlog\rc.read.1.tlog
d:\projects\trunk\server\server\游戏组件\大连客户\新百家乐（超级抢庄版）\服务器控制\debug_unicode\服务端调试.tlog\rc.write.1.tlog
d:\projects\trunk\server\server\游戏组件\大连客户\新百家乐（超级抢庄版）\服务器控制\debug_unicode\服务端调试.tlog\服务端调试.write.1u.tlog
