i:\whgame\游戏组件\旗舰版子游戏\红黑大战\服务器组件\release_unicode\oxbattleserver.pch
i:\whgame\游戏组件\旗舰版子游戏\红黑大战\服务器组件\release_unicode\vc140.pdb
i:\whgame\游戏组件\旗舰版子游戏\红黑大战\服务器组件\release_unicode\stdafx.obj
i:\whgame\游戏组件\旗舰版子游戏\红黑大战\服务器组件\release_unicode\tableframesink.obj
i:\whgame\游戏组件\旗舰版子游戏\红黑大战\服务器组件\release_unicode\historyscore.obj
i:\whgame\游戏组件\旗舰版子游戏\红黑大战\服务器组件\release_unicode\gameservicemanager.obj
i:\whgame\游戏组件\旗舰版子游戏\红黑大战\服务器组件\release_unicode\gameserver.obj
i:\whgame\游戏组件\旗舰版子游戏\红黑大战\服务器组件\release_unicode\gamelogic.obj
i:\whgame\游戏组件\旗舰版子游戏\红黑大战\服务器组件\release_unicode\dlgcustomrule.obj
i:\whgame\运行\release\unicode\oxbattleserver.dll
i:\whgame\游戏组件\旗舰版子游戏\红黑大战\服务器组件\release_unicode\oxbattleserver.pdb
i:\whgame\游戏组件\旗舰版子游戏\红黑大战\服务器组件\release_unicode\gameserver.res
i:\whgame\游戏组件\旗舰版子游戏\红黑大战\服务器组件\release_unicode\gameserver.lib
i:\whgame\游戏组件\旗舰版子游戏\红黑大战\服务器组件\release_unicode\gameserver.exp
i:\whgame\游戏组件\旗舰版子游戏\红黑大战\服务器组件\release_unicode\msado15.tli
i:\whgame\游戏组件\旗舰版子游戏\红黑大战\服务器组件\release_unicode\msado15.tlh
i:\whgame\游戏组件\旗舰版子游戏\红黑大战\服务器组件\release_unicode\游戏服务器.tlog\cl.command.1.tlog
i:\whgame\游戏组件\旗舰版子游戏\红黑大战\服务器组件\release_unicode\游戏服务器.tlog\cl.read.1.tlog
i:\whgame\游戏组件\旗舰版子游戏\红黑大战\服务器组件\release_unicode\游戏服务器.tlog\cl.write.1.tlog
i:\whgame\游戏组件\旗舰版子游戏\红黑大战\服务器组件\release_unicode\游戏服务器.tlog\link.command.1.tlog
i:\whgame\游戏组件\旗舰版子游戏\红黑大战\服务器组件\release_unicode\游戏服务器.tlog\link.read.1.tlog
i:\whgame\游戏组件\旗舰版子游戏\红黑大战\服务器组件\release_unicode\游戏服务器.tlog\link.write.1.tlog
i:\whgame\游戏组件\旗舰版子游戏\红黑大战\服务器组件\release_unicode\游戏服务器.tlog\rc.command.1.tlog
i:\whgame\游戏组件\旗舰版子游戏\红黑大战\服务器组件\release_unicode\游戏服务器.tlog\rc.read.1.tlog
i:\whgame\游戏组件\旗舰版子游戏\红黑大战\服务器组件\release_unicode\游戏服务器.tlog\rc.write.1.tlog
i:\whgame\游戏组件\旗舰版子游戏\红黑大战\服务器组件\release_unicode\游戏服务器.tlog\游戏服务器.write.1u.tlog
