i:\whgame\游戏组件\旗舰版子游戏\百人牛牛\机器人服务\release_unicode\机器人服务.pch
i:\whgame\游戏组件\旗舰版子游戏\百人牛牛\机器人服务\release_unicode\vc140.pdb
i:\whgame\游戏组件\旗舰版子游戏\百人牛牛\机器人服务\release_unicode\stdafx.obj
i:\whgame\游戏组件\旗舰版子游戏\百人牛牛\机器人服务\release_unicode\androiduseritemsink.obj
i:\whgame\游戏组件\旗舰版子游戏\百人牛牛\机器人服务\release_unicode\androidservice.obj
i:\whgame\游戏组件\旗舰版子游戏\百人牛牛\机器人服务\release_unicode\gamelogic.obj
i:\whgame\运行\release\unicode\oxbattleandroid.dll
i:\whgame\游戏组件\旗舰版子游戏\百人牛牛\机器人服务\release_unicode\机器人服务.pdb
i:\whgame\游戏组件\旗舰版子游戏\百人牛牛\机器人服务\release_unicode\androidservice.res
i:\whgame\游戏组件\旗舰版子游戏\百人牛牛\机器人服务\release_unicode\机器人服务.lib
i:\whgame\游戏组件\旗舰版子游戏\百人牛牛\机器人服务\release_unicode\机器人服务.exp
i:\whgame\游戏组件\旗舰版子游戏\百人牛牛\机器人服务\release_unicode\msado15.tli
i:\whgame\游戏组件\旗舰版子游戏\百人牛牛\机器人服务\release_unicode\msado15.tlh
i:\whgame\游戏组件\旗舰版子游戏\百人牛牛\机器人服务\release_unicode\机器人服务.tlog\cl.command.1.tlog
i:\whgame\游戏组件\旗舰版子游戏\百人牛牛\机器人服务\release_unicode\机器人服务.tlog\cl.read.1.tlog
i:\whgame\游戏组件\旗舰版子游戏\百人牛牛\机器人服务\release_unicode\机器人服务.tlog\cl.write.1.tlog
i:\whgame\游戏组件\旗舰版子游戏\百人牛牛\机器人服务\release_unicode\机器人服务.tlog\link.command.1.tlog
i:\whgame\游戏组件\旗舰版子游戏\百人牛牛\机器人服务\release_unicode\机器人服务.tlog\link.read.1.tlog
i:\whgame\游戏组件\旗舰版子游戏\百人牛牛\机器人服务\release_unicode\机器人服务.tlog\link.write.1.tlog
i:\whgame\游戏组件\旗舰版子游戏\百人牛牛\机器人服务\release_unicode\机器人服务.tlog\rc.command.1.tlog
i:\whgame\游戏组件\旗舰版子游戏\百人牛牛\机器人服务\release_unicode\机器人服务.tlog\rc.read.1.tlog
i:\whgame\游戏组件\旗舰版子游戏\百人牛牛\机器人服务\release_unicode\机器人服务.tlog\rc.write.1.tlog
i:\whgame\游戏组件\旗舰版子游戏\百人牛牛\机器人服务\release_unicode\机器人服务.tlog\机器人服务.write.1u.tlog
