  Stdafx.cpp
d:\program files (x86)\microsoft visual studio 14.0\vc\atlmfc\include\atlplus.h(26): warning C4467: 已弃用 ATL 属性的使用情况
d:\projects\trunk\server\server\游戏组件\开发库\include\core\uimanager.h(45): warning C4091: “typedef ”: 没有声明变量时忽略“EVENTTYPE_UI”的左侧
  TableFrameSink.cpp
d:\program files (x86)\microsoft visual studio 14.0\vc\atlmfc\include\atlplus.h(26): warning C4467: 已弃用 ATL 属性的使用情况
d:\projects\trunk\server\server\游戏组件\开发库\include\core\uimanager.h(45): warning C4091: “typedef ”: 没有声明变量时忽略“EVENTTYPE_UI”的左侧
d:\projects\trunk\server\server\游戏组件\大连客户\水浒传\服务器组件\tableframesink.cpp(697): warning C4996: 'wcscpy': This function or variable may be unsafe. Consider using wcscpy_s instead. To disable deprecation, use _CRT_SECURE_NO_WARNINGS. See online help for details.
  c:\program files (x86)\windows kits\10\include\10.0.10240.0\ucrt\corecrt_wstring.h(121): note: 参见“wcscpy”的声明
d:\projects\trunk\server\server\游戏组件\大连客户\水浒传\服务器组件\tableframesink.cpp(788): warning C4996: 'wcscpy': This function or variable may be unsafe. Consider using wcscpy_s instead. To disable deprecation, use _CRT_SECURE_NO_WARNINGS. See online help for details.
  c:\program files (x86)\windows kits\10\include\10.0.10240.0\ucrt\corecrt_wstring.h(121): note: 参见“wcscpy”的声明
d:\projects\trunk\server\server\游戏组件\大连客户\水浒传\服务器组件\tableframesink.cpp(941): warning C4996: 'wcscpy': This function or variable may be unsafe. Consider using wcscpy_s instead. To disable deprecation, use _CRT_SECURE_NO_WARNINGS. See online help for details.
  c:\program files (x86)\windows kits\10\include\10.0.10240.0\ucrt\corecrt_wstring.h(121): note: 参见“wcscpy”的声明
d:\projects\trunk\server\server\游戏组件\大连客户\水浒传\服务器组件\tableframesink.cpp(1071): warning C4996: 'wcscpy': This function or variable may be unsafe. Consider using wcscpy_s instead. To disable deprecation, use _CRT_SECURE_NO_WARNINGS. See online help for details.
  c:\program files (x86)\windows kits\10\include\10.0.10240.0\ucrt\corecrt_wstring.h(121): note: 参见“wcscpy”的声明
d:\projects\trunk\server\server\游戏组件\大连客户\水浒传\服务器组件\tableframesink.cpp(1202): warning C4244: “初始化”: 从“LONGLONG”转换到“double”，可能丢失数据
  HistoryScore.cpp
d:\program files (x86)\microsoft visual studio 14.0\vc\atlmfc\include\atlplus.h(26): warning C4467: 已弃用 ATL 属性的使用情况
d:\projects\trunk\server\server\游戏组件\开发库\include\core\uimanager.h(45): warning C4091: “typedef ”: 没有声明变量时忽略“EVENTTYPE_UI”的左侧
  GameServiceManager.cpp
d:\program files (x86)\microsoft visual studio 14.0\vc\atlmfc\include\atlplus.h(26): warning C4467: 已弃用 ATL 属性的使用情况
d:\projects\trunk\server\server\游戏组件\开发库\include\core\uimanager.h(45): warning C4091: “typedef ”: 没有声明变量时忽略“EVENTTYPE_UI”的左侧
  GameServer.cpp
d:\program files (x86)\microsoft visual studio 14.0\vc\atlmfc\include\atlplus.h(26): warning C4467: 已弃用 ATL 属性的使用情况
d:\projects\trunk\server\server\游戏组件\开发库\include\core\uimanager.h(45): warning C4091: “typedef ”: 没有声明变量时忽略“EVENTTYPE_UI”的左侧
  GameLogic.cpp
d:\program files (x86)\microsoft visual studio 14.0\vc\atlmfc\include\atlplus.h(26): warning C4467: 已弃用 ATL 属性的使用情况
d:\projects\trunk\server\server\游戏组件\开发库\include\core\uimanager.h(45): warning C4091: “typedef ”: 没有声明变量时忽略“EVENTTYPE_UI”的左侧
d:\projects\trunk\server\server\游戏组件\大连客户\水浒传\服务器组件\gamelogic.cpp(215): warning C4244: “初始化”: 从“double”转换到“int”，可能丢失数据
  DlgCustomRule.cpp
d:\program files (x86)\microsoft visual studio 14.0\vc\atlmfc\include\atlplus.h(26): warning C4467: 已弃用 ATL 属性的使用情况
d:\projects\trunk\server\server\游戏组件\开发库\include\core\uimanager.h(45): warning C4091: “typedef ”: 没有声明变量时忽略“EVENTTYPE_UI”的左侧
d:\projects\trunk\server\server\游戏组件\大连客户\水浒传\服务器组件\dlgcustomrule.cpp(98): warning C4244: “参数”: 从“LONGLONG”转换到“UINT”，可能丢失数据
d:\projects\trunk\server\server\游戏组件\大连客户\水浒传\服务器组件\dlgcustomrule.cpp(99): warning C4244: “参数”: 从“LONGLONG”转换到“UINT”，可能丢失数据
d:\projects\trunk\server\server\游戏组件\大连客户\水浒传\服务器组件\dlgcustomrule.cpp(100): warning C4244: “参数”: 从“LONGLONG”转换到“UINT”，可能丢失数据
d:\projects\trunk\server\server\游戏组件\大连客户\水浒传\服务器组件\dlgcustomrule.cpp(101): warning C4244: “参数”: 从“LONGLONG”转换到“UINT”，可能丢失数据
d:\projects\trunk\server\server\游戏组件\大连客户\水浒传\服务器组件\dlgcustomrule.cpp(102): warning C4244: “参数”: 从“LONGLONG”转换到“UINT”，可能丢失数据
d:\projects\trunk\server\server\游戏组件\大连客户\水浒传\服务器组件\dlgcustomrule.cpp(103): warning C4244: “参数”: 从“LONGLONG”转换到“UINT”，可能丢失数据
d:\projects\trunk\server\server\游戏组件\大连客户\水浒传\服务器组件\dlgcustomrule.cpp(136): warning C4244: “参数”: 从“LONGLONG”转换到“UINT”，可能丢失数据
d:\projects\trunk\server\server\游戏组件\大连客户\水浒传\服务器组件\dlgcustomrule.cpp(137): warning C4244: “参数”: 从“LONGLONG”转换到“UINT”，可能丢失数据
d:\projects\trunk\server\server\游戏组件\大连客户\水浒传\服务器组件\dlgcustomrule.cpp(138): warning C4244: “参数”: 从“LONGLONG”转换到“UINT”，可能丢失数据
d:\projects\trunk\server\server\游戏组件\大连客户\水浒传\服务器组件\dlgcustomrule.cpp(139): warning C4244: “参数”: 从“LONGLONG”转换到“UINT”，可能丢失数据
d:\projects\trunk\server\server\游戏组件\大连客户\水浒传\服务器组件\dlgcustomrule.cpp(140): warning C4244: “参数”: 从“LONGLONG”转换到“UINT”，可能丢失数据
d:\projects\trunk\server\server\游戏组件\大连客户\水浒传\服务器组件\dlgcustomrule.cpp(141): warning C4244: “参数”: 从“LONGLONG”转换到“UINT”，可能丢失数据
d:\projects\trunk\server\server\游戏组件\大连客户\水浒传\服务器组件\dlgcustomrule.cpp(142): warning C4244: “参数”: 从“LONGLONG”转换到“UINT”，可能丢失数据
d:\projects\trunk\server\server\游戏组件\大连客户\水浒传\服务器组件\dlgcustomrule.cpp(143): warning C4244: “参数”: 从“LONGLONG”转换到“UINT”，可能丢失数据
  正在生成代码...
DlgCustomRule.obj : warning LNK4075: 忽略“/EDITANDCONTINUE”(由于“/SAFESEH”规范)
    正在创建库 ../../../../运行/Debug/Unicode/GameServer.lib 和对象 ../../../../运行/Debug/Unicode/GameServer.exp
GameServer.exp : warning LNK4070: .EXP 中的 /OUT:GameServer.dll 指令与输出文件名“../../../../运行/Debug/Unicode/WaterMarginServer.dll”不同；忽略指令
  GameServer.vcxproj -> D:\projects\trunk\server\Server\游戏组件\大连客户\水浒传\服务器组件\../../../../运行/Debug/Unicode/WaterMarginServer.dll
  GameServer.vcxproj -> ../../../../运行/Debug/Unicode/WaterMarginServer.pdb (Full PDB)
  子目录或文件 ..\..\..\发布组件\服务器组件\Debug\Unicode 已经存在。
  已复制         1 个文件。
