d:\projects\trunk\server\server\游戏组件\大连客户\水浒传\服务器组件\debug_unicode\watermarginserver.pch
d:\projects\trunk\server\server\游戏组件\大连客户\水浒传\服务器组件\debug_unicode\vc140.pdb
d:\projects\trunk\server\server\游戏组件\大连客户\水浒传\服务器组件\debug_unicode\vc140.idb
d:\projects\trunk\server\server\游戏组件\大连客户\水浒传\服务器组件\debug_unicode\stdafx.obj
d:\projects\trunk\server\server\游戏组件\大连客户\水浒传\服务器组件\debug_unicode\dlgcustomrule.obj
d:\projects\trunk\server\server\游戏组件\大连客户\水浒传\服务器组件\debug_unicode\gamelogic.obj
d:\projects\trunk\server\server\游戏组件\大连客户\水浒传\服务器组件\debug_unicode\gameserver.obj
d:\projects\trunk\server\server\游戏组件\大连客户\水浒传\服务器组件\debug_unicode\gameservicemanager.obj
d:\projects\trunk\server\server\游戏组件\大连客户\水浒传\服务器组件\debug_unicode\historyscore.obj
d:\projects\trunk\server\server\游戏组件\大连客户\水浒传\服务器组件\debug_unicode\tableframesink.obj
d:\projects\trunk\server\server\运行\debug\unicode\watermarginserver.ilk
d:\projects\trunk\server\server\运行\debug\unicode\watermarginserver.dll
d:\projects\trunk\server\server\运行\debug\unicode\watermarginserver.pdb
d:\projects\trunk\server\server\游戏组件\大连客户\水浒传\服务器组件\debug_unicode\gameserver.res
d:\projects\trunk\server\server\运行\debug\unicode\gameserver.lib
d:\projects\trunk\server\server\运行\debug\unicode\gameserver.exp
d:\projects\trunk\server\server\游戏组件\大连客户\水浒传\服务器组件\debug_unicode\flash.tli
d:\projects\trunk\server\server\游戏组件\大连客户\水浒传\服务器组件\debug_unicode\msado15.tli
d:\projects\trunk\server\server\游戏组件\大连客户\水浒传\服务器组件\debug_unicode\flash.tlh
d:\projects\trunk\server\server\游戏组件\大连客户\水浒传\服务器组件\debug_unicode\msado15.tlh
d:\projects\trunk\server\server\游戏组件\大连客户\水浒传\服务器组件\../../../../运行/debug/unicode/watermarginserver.dll
d:\projects\trunk\server\server\游戏组件\大连客户\水浒传\服务器组件\debug_unicode\游戏服务器.tlog\cl.command.1.tlog
d:\projects\trunk\server\server\游戏组件\大连客户\水浒传\服务器组件\debug_unicode\游戏服务器.tlog\cl.read.1.tlog
d:\projects\trunk\server\server\游戏组件\大连客户\水浒传\服务器组件\debug_unicode\游戏服务器.tlog\cl.write.1.tlog
d:\projects\trunk\server\server\游戏组件\大连客户\水浒传\服务器组件\debug_unicode\游戏服务器.tlog\link.command.1.tlog
d:\projects\trunk\server\server\游戏组件\大连客户\水浒传\服务器组件\debug_unicode\游戏服务器.tlog\link.read.1.tlog
d:\projects\trunk\server\server\游戏组件\大连客户\水浒传\服务器组件\debug_unicode\游戏服务器.tlog\link.write.1.tlog
d:\projects\trunk\server\server\游戏组件\大连客户\水浒传\服务器组件\debug_unicode\游戏服务器.tlog\rc.command.1.tlog
d:\projects\trunk\server\server\游戏组件\大连客户\水浒传\服务器组件\debug_unicode\游戏服务器.tlog\rc.read.1.tlog
d:\projects\trunk\server\server\游戏组件\大连客户\水浒传\服务器组件\debug_unicode\游戏服务器.tlog\rc.write.1.tlog
d:\projects\trunk\server\server\游戏组件\大连客户\水浒传\服务器组件\debug_unicode\游戏服务器.tlog\游戏服务器.write.1u.tlog
