  Stdafx.cpp
d:\program files (x86)\microsoft visual studio 14.0\vc\atlmfc\include\atlplus.h(26): warning C4467: 已弃用 ATL 属性的使用情况
d:\projects\trunk\server\server\游戏组件\开发库\include\core\uimanager.h(45): warning C4091: “typedef ”: 没有声明变量时忽略“EVENTTYPE_UI”的左侧
  AndroidUserItemSink.cpp
d:\projects\trunk\server\server\游戏组件\大连客户\红黑大战\机器人服务\androiduseritemsink.cpp(669): warning C4244: “=”: 从“LONGLONG”转换到“int”，可能丢失数据
d:\projects\trunk\server\server\游戏组件\大连客户\红黑大战\机器人服务\androiduseritemsink.cpp(670): warning C4244: “=”: 从“LONGLONG”转换到“int”，可能丢失数据
d:\projects\trunk\server\server\游戏组件\大连客户\红黑大战\机器人服务\androiduseritemsink.cpp(687): warning C4244: “=”: 从“LONGLONG”转换到“int”，可能丢失数据
d:\projects\trunk\server\server\游戏组件\大连客户\红黑大战\机器人服务\androiduseritemsink.cpp(690): warning C4244: “=”: 从“LONGLONG”转换到“int”，可能丢失数据
d:\projects\trunk\server\server\游戏组件\大连客户\红黑大战\机器人服务\androiduseritemsink.cpp(691): warning C4244: “=”: 从“LONGLONG”转换到“int”，可能丢失数据
d:\projects\trunk\server\server\游戏组件\大连客户\红黑大战\机器人服务\androiduseritemsink.cpp(694): warning C4244: “=”: 从“LONGLONG”转换到“int”，可能丢失数据
d:\projects\trunk\server\server\游戏组件\大连客户\红黑大战\机器人服务\androiduseritemsink.cpp(697): warning C4244: “=”: 从“LONGLONG”转换到“int”，可能丢失数据
d:\projects\trunk\server\server\游戏组件\大连客户\红黑大战\机器人服务\androiduseritemsink.cpp(713): warning C4244: “=”: 从“LONGLONG”转换到“int”，可能丢失数据
  AndroidService.cpp
  GameLogic.cpp
  正在生成代码...
C:\Program Files (x86)\MSBuild\Microsoft.Cpp\v4.0\V140\Microsoft.CppBuild.targets(1189,5): warning MSB8012: TargetPath(D:\projects\trunk\server\Server\游戏组件\大连客户\红黑大战\机器人服务\Debug_Unicode\机器人服务.dll) does not match the Linker's OutputFile property value (D:\projects\trunk\server\Server\运行\Debug\Unicode\OxBattleAndroid.dll). This may cause your project to build incorrectly. To correct this, please make sure that $(OutDir), $(TargetName) and $(TargetExt) property values match the value specified in %(Link.OutputFile).
C:\Program Files (x86)\MSBuild\Microsoft.Cpp\v4.0\V140\Microsoft.CppBuild.targets(1191,5): warning MSB8012: TargetName(机器人服务) does not match the Linker's OutputFile property value (OxBattleAndroid). This may cause your project to build incorrectly. To correct this, please make sure that $(OutDir), $(TargetName) and $(TargetExt) property values match the value specified in %(Link.OutputFile).
  LINK : 缺少程序数据库 D:\projects\trunk\server\Server\游戏组件\大连客户\红黑大战\机器人服务\Debug_Unicode\机器人服务.pdb；正在执行完全链接
GameLogic.obj : warning LNK4075: 忽略“/EDITANDCONTINUE”(由于“/SAFESEH”规范)
    正在创建库 Debug_Unicode\机器人服务.lib 和对象 Debug_Unicode\机器人服务.exp
机器人服务.exp : warning LNK4070: .EXP 中的 /OUT:AndroidServiceD.dll 指令与输出文件名“../../../../运行/Debug/Unicode/OxBattleAndroid.dll”不同；忽略指令
  AndroidService.vcxproj -> D:\projects\trunk\server\Server\游戏组件\大连客户\红黑大战\机器人服务\Debug_Unicode\机器人服务.dll
  AndroidService.vcxproj -> Debug_Unicode\机器人服务.pdb (Full PDB)
  子目录或文件 ..\..\..\发布组件\服务器组件\Debug\Unicode 已经存在。
  系统找不到指定的文件。
C:\Program Files (x86)\MSBuild\Microsoft.Cpp\v4.0\V140\Microsoft.CppCommon.targets(133,5): error MSB3073: 命令“mkdir ..\..\..\发布组件\服务器组件\Debug\Unicode
C:\Program Files (x86)\MSBuild\Microsoft.Cpp\v4.0\V140\Microsoft.CppCommon.targets(133,5): error MSB3073: copy /y ..\..\..\..\运行\Debug\Unicode\机器人服务.dll ..\..\..\发布组件\服务器组件\Debug\Unicode\机器人服务.dll
C:\Program Files (x86)\MSBuild\Microsoft.Cpp\v4.0\V140\Microsoft.CppCommon.targets(133,5): error MSB3073: 
C:\Program Files (x86)\MSBuild\Microsoft.Cpp\v4.0\V140\Microsoft.CppCommon.targets(133,5): error MSB3073: :VCEnd”已退出，代码为 1。
