C:\Program Files (x86)\MSBuild\Microsoft.Cpp\v4.0\V140\Microsoft.CppBuild.targets(392,5): warning MSB8028: The intermediate directory (Debug_Unicode\) contains files shared from another project (控制客户端.vcxproj).  This can lead to incorrect clean and rebuild behavior.
  stdafx.cpp
d:\program files (x86)\microsoft visual studio 14.0\vc\atlmfc\include\atlplus.h(26): warning C4467: 已弃用 ATL 属性的使用情况
d:\projects\trunk\server\server\游戏组件\开发库\include\core\uimanager.h(45): warning C4091: “typedef ”: 没有声明变量时忽略“EVENTTYPE_UI”的左侧
d:\projects\trunk\server\server\游戏组件\开发库\include\directshow\uuids.h : warning C4819: 该文件包含不能在当前代码页(936)中表示的字符。请将该文件保存为 Unicode 格式以防止数据丢失
  ClientControlItemSink.cpp
d:\projects\trunk\server\server\游戏组件\大连客户\水浒传\客户端控制\clientcontrolitemsink.cpp(634): warning C4996: 'wcscpy': This function or variable may be unsafe. Consider using wcscpy_s instead. To disable deprecation, use _CRT_SECURE_NO_WARNINGS. See online help for details.
  c:\program files (x86)\windows kits\10\include\10.0.10240.0\ucrt\corecrt_wstring.h(121): note: 参见“wcscpy”的声明
d:\projects\trunk\server\server\游戏组件\大连客户\水浒传\客户端控制\clientcontrolitemsink.cpp(639): warning C4996: 'wcscpy': This function or variable may be unsafe. Consider using wcscpy_s instead. To disable deprecation, use _CRT_SECURE_NO_WARNINGS. See online help for details.
  c:\program files (x86)\windows kits\10\include\10.0.10240.0\ucrt\corecrt_wstring.h(121): note: 参见“wcscpy”的声明
d:\projects\trunk\server\server\游戏组件\大连客户\水浒传\客户端控制\clientcontrolitemsink.cpp(798): warning C4996: 'wcscpy': This function or variable may be unsafe. Consider using wcscpy_s instead. To disable deprecation, use _CRT_SECURE_NO_WARNINGS. See online help for details.
  c:\program files (x86)\windows kits\10\include\10.0.10240.0\ucrt\corecrt_wstring.h(121): note: 参见“wcscpy”的声明
  ClientControl.cpp
  正在生成代码...
ClientControl.obj : warning LNK4075: 忽略“/EDITANDCONTINUE”(由于“/SAFESEH”规范)
    正在创建库 ../../../../运行/Debug/Unicode/ClientControl.lib 和对象 ../../../../运行/Debug/Unicode/ClientControl.exp
ClientControl.exp : warning LNK4070: .EXP 中的 /OUT:ClientControl.dll 指令与输出文件名“../../../../运行/Debug/Unicode/WaterMarginClientDebug.dll”不同；忽略指令
  ClientControl.vcxproj -> D:\projects\trunk\server\Server\游戏组件\大连客户\水浒传\客户端控制\../../../../运行/Debug/Unicode/WaterMarginClientDebug.dll
  ClientControl.vcxproj -> ../../../../运行/Debug/Unicode/WaterMarginClientDebug.pdb (Full PDB)
  子目录或文件 ..\..\..\发布组件\客户端组件\Debug\Unicode 已经存在。
  已复制         1 个文件。
