d:\projects\trunk\server\server\游戏组件\大连客户\水浒传\客户端控制\debug_unicode\watermarginclientcontrol.pch
d:\projects\trunk\server\server\游戏组件\大连客户\水浒传\客户端控制\debug_unicode\vc140.pdb
d:\projects\trunk\server\server\游戏组件\大连客户\水浒传\客户端控制\debug_unicode\vc140.idb
d:\projects\trunk\server\server\游戏组件\大连客户\水浒传\客户端控制\debug_unicode\stdafx.obj
d:\projects\trunk\server\server\游戏组件\大连客户\水浒传\客户端控制\debug_unicode\clientcontrol.obj
d:\projects\trunk\server\server\游戏组件\大连客户\水浒传\客户端控制\debug_unicode\clientcontrolitemsink.obj
d:\projects\trunk\server\server\运行\debug\unicode\watermarginclientcontrol.ilk
d:\projects\trunk\server\server\运行\debug\unicode\watermarginclientcontrol.dll
d:\projects\trunk\server\server\运行\debug\unicode\watermarginclientcontrol.pdb
d:\projects\trunk\server\server\游戏组件\大连客户\水浒传\客户端控制\debug_unicode\clientcontrol.res
d:\projects\trunk\server\server\运行\debug\unicode\clientcontrol.lib
d:\projects\trunk\server\server\运行\debug\unicode\clientcontrol.exp
d:\projects\trunk\server\server\游戏组件\大连客户\水浒传\客户端控制\debug_unicode\flash.tli
d:\projects\trunk\server\server\游戏组件\大连客户\水浒传\客户端控制\debug_unicode\flash.tlh
d:\projects\trunk\server\server\游戏组件\大连客户\水浒传\客户端控制\../../../../运行/debug/unicode/watermarginclientcontrol.dll
d:\projects\trunk\server\server\游戏组件\大连客户\水浒传\客户端控制\debug_unicode\控制客户端.tlog\cl.command.1.tlog
d:\projects\trunk\server\server\游戏组件\大连客户\水浒传\客户端控制\debug_unicode\控制客户端.tlog\cl.read.1.tlog
d:\projects\trunk\server\server\游戏组件\大连客户\水浒传\客户端控制\debug_unicode\控制客户端.tlog\cl.write.1.tlog
d:\projects\trunk\server\server\游戏组件\大连客户\水浒传\客户端控制\debug_unicode\控制客户端.tlog\link.command.1.tlog
d:\projects\trunk\server\server\游戏组件\大连客户\水浒传\客户端控制\debug_unicode\控制客户端.tlog\link.read.1.tlog
d:\projects\trunk\server\server\游戏组件\大连客户\水浒传\客户端控制\debug_unicode\控制客户端.tlog\link.write.1.tlog
d:\projects\trunk\server\server\游戏组件\大连客户\水浒传\客户端控制\debug_unicode\控制客户端.tlog\rc.command.1.tlog
d:\projects\trunk\server\server\游戏组件\大连客户\水浒传\客户端控制\debug_unicode\控制客户端.tlog\rc.read.1.tlog
d:\projects\trunk\server\server\游戏组件\大连客户\水浒传\客户端控制\debug_unicode\控制客户端.tlog\rc.write.1.tlog
d:\projects\trunk\server\server\游戏组件\大连客户\水浒传\客户端控制\debug_unicode\控制客户端.tlog\控制客户端.write.1u.tlog
