  Stdafx.cpp
c:\program files (x86)\microsoft visual studio 14.0\vc\atlmfc\include\afx.h(38): warning C4996: 'MBCS_Support_Deprecated_In_MFC': MBCS support in MFC is deprecated and may be removed in a future version of MFC.
  c:\program files (x86)\microsoft visual studio 14.0\vc\atlmfc\include\afx.h(33): note: 参见“MBCS_Support_Deprecated_In_MFC”的声明
c:\program files (x86)\microsoft visual studio 14.0\vc\atlmfc\include\atlplus.h(26): warning C4467: 已弃用 ATL 属性的使用情况
  GamePropertyManager.cpp
d:\space\github\旗舰大联盟\系统模块\系统模块\客户端组件\图形类库\core\uimanager.h(45): warning C4091: “typedef ”: 没有声明变量时忽略“EVENTTYPE_UI”的左侧
  GamePropertyItem.cpp
d:\space\github\旗舰大联盟\系统模块\系统模块\客户端组件\图形类库\core\uimanager.h(45): warning C4091: “typedef ”: 没有声明变量时忽略“EVENTTYPE_UI”的左侧
d:\space\github\旗舰大联盟\系统模块\系统模块\客户端组件\游戏道具\gamepropertyitem.cpp(773): warning C4474: _snprintf_s: 格式字符串中传递的参数太多
  d:\space\github\旗舰大联盟\系统模块\系统模块\客户端组件\游戏道具\gamepropertyitem.cpp(773): note: 占位符和其参数预计 0 可变参数，但提供的却是 2 参数
d:\space\github\旗舰大联盟\系统模块\系统模块\客户端组件\游戏道具\gamepropertyitem.cpp(820): warning C4474: _snprintf_s: 格式字符串中传递的参数太多
  d:\space\github\旗舰大联盟\系统模块\系统模块\客户端组件\游戏道具\gamepropertyitem.cpp(820): note: 占位符和其参数预计 0 可变参数，但提供的却是 2 参数
d:\space\github\旗舰大联盟\系统模块\系统模块\客户端组件\游戏道具\gamepropertyitem.cpp(1274): warning C4477: “_snprintf_s”: 格式字符串“%d”需要类型“int”的参数，但可变参数 1 拥有了类型“LONGLONG”
  d:\space\github\旗舰大联盟\系统模块\系统模块\客户端组件\游戏道具\gamepropertyitem.cpp(1274): note: 请考虑在格式字符串中使用“%lld”
  d:\space\github\旗舰大联盟\系统模块\系统模块\客户端组件\游戏道具\gamepropertyitem.cpp(1274): note: 请考虑在格式字符串中使用“%I64d”
d:\space\github\旗舰大联盟\系统模块\系统模块\客户端组件\游戏道具\gamepropertyitem.cpp(1276): warning C4477: “_snprintf_s”: 格式字符串“%d”需要类型“int”的参数，但可变参数 2 拥有了类型“LONGLONG”
  d:\space\github\旗舰大联盟\系统模块\系统模块\客户端组件\游戏道具\gamepropertyitem.cpp(1276): note: 请考虑在格式字符串中使用“%lld”
  d:\space\github\旗舰大联盟\系统模块\系统模块\客户端组件\游戏道具\gamepropertyitem.cpp(1276): note: 请考虑在格式字符串中使用“%I64d”
d:\space\github\旗舰大联盟\系统模块\系统模块\客户端组件\游戏道具\gamepropertyitem.cpp(1309): warning C4477: “_snprintf_s”: 格式字符串“%d”需要类型“int”的参数，但可变参数 1 拥有了类型“LONGLONG”
  d:\space\github\旗舰大联盟\系统模块\系统模块\客户端组件\游戏道具\gamepropertyitem.cpp(1309): note: 请考虑在格式字符串中使用“%lld”
  d:\space\github\旗舰大联盟\系统模块\系统模块\客户端组件\游戏道具\gamepropertyitem.cpp(1309): note: 请考虑在格式字符串中使用“%I64d”
d:\space\github\旗舰大联盟\系统模块\系统模块\客户端组件\游戏道具\gamepropertyitem.cpp(1311): warning C4477: “_snprintf_s”: 格式字符串“%d”需要类型“int”的参数，但可变参数 2 拥有了类型“LONGLONG”
  d:\space\github\旗舰大联盟\系统模块\系统模块\客户端组件\游戏道具\gamepropertyitem.cpp(1311): note: 请考虑在格式字符串中使用“%lld”
  d:\space\github\旗舰大联盟\系统模块\系统模块\客户端组件\游戏道具\gamepropertyitem.cpp(1311): note: 请考虑在格式字符串中使用“%I64d”
d:\space\github\旗舰大联盟\系统模块\系统模块\客户端组件\游戏道具\gamepropertyitem.cpp(1347): warning C4477: “_snprintf_s”: 格式字符串“%d”需要类型“int”的参数，但可变参数 1 拥有了类型“LONGLONG”
  d:\space\github\旗舰大联盟\系统模块\系统模块\客户端组件\游戏道具\gamepropertyitem.cpp(1347): note: 请考虑在格式字符串中使用“%lld”
  d:\space\github\旗舰大联盟\系统模块\系统模块\客户端组件\游戏道具\gamepropertyitem.cpp(1347): note: 请考虑在格式字符串中使用“%I64d”
d:\space\github\旗舰大联盟\系统模块\系统模块\客户端组件\游戏道具\gamepropertyitem.cpp(1349): warning C4477: “_snprintf_s”: 格式字符串“%d”需要类型“int”的参数，但可变参数 2 拥有了类型“LONGLONG”
  d:\space\github\旗舰大联盟\系统模块\系统模块\客户端组件\游戏道具\gamepropertyitem.cpp(1349): note: 请考虑在格式字符串中使用“%lld”
  d:\space\github\旗舰大联盟\系统模块\系统模块\客户端组件\游戏道具\gamepropertyitem.cpp(1349): note: 请考虑在格式字符串中使用“%I64d”
d:\space\github\旗舰大联盟\系统模块\系统模块\客户端组件\游戏道具\gamepropertyitem.cpp(1384): warning C4477: “_snprintf_s”: 格式字符串“%d”需要类型“int”的参数，但可变参数 1 拥有了类型“LONGLONG”
  d:\space\github\旗舰大联盟\系统模块\系统模块\客户端组件\游戏道具\gamepropertyitem.cpp(1384): note: 请考虑在格式字符串中使用“%lld”
  d:\space\github\旗舰大联盟\系统模块\系统模块\客户端组件\游戏道具\gamepropertyitem.cpp(1384): note: 请考虑在格式字符串中使用“%I64d”
d:\space\github\旗舰大联盟\系统模块\系统模块\客户端组件\游戏道具\gamepropertyitem.cpp(1386): warning C4477: “_snprintf_s”: 格式字符串“%d”需要类型“int”的参数，但可变参数 2 拥有了类型“LONGLONG”
  d:\space\github\旗舰大联盟\系统模块\系统模块\客户端组件\游戏道具\gamepropertyitem.cpp(1386): note: 请考虑在格式字符串中使用“%lld”
  d:\space\github\旗舰大联盟\系统模块\系统模块\客户端组件\游戏道具\gamepropertyitem.cpp(1386): note: 请考虑在格式字符串中使用“%I64d”
d:\space\github\旗舰大联盟\系统模块\系统模块\客户端组件\游戏道具\gamepropertyitem.cpp(1421): warning C4477: “_snprintf_s”: 格式字符串“%d”需要类型“int”的参数，但可变参数 1 拥有了类型“LONGLONG”
  d:\space\github\旗舰大联盟\系统模块\系统模块\客户端组件\游戏道具\gamepropertyitem.cpp(1421): note: 请考虑在格式字符串中使用“%lld”
  d:\space\github\旗舰大联盟\系统模块\系统模块\客户端组件\游戏道具\gamepropertyitem.cpp(1421): note: 请考虑在格式字符串中使用“%I64d”
d:\space\github\旗舰大联盟\系统模块\系统模块\客户端组件\游戏道具\gamepropertyitem.cpp(1423): warning C4477: “_snprintf_s”: 格式字符串“%d”需要类型“int”的参数，但可变参数 2 拥有了类型“LONGLONG”
  d:\space\github\旗舰大联盟\系统模块\系统模块\客户端组件\游戏道具\gamepropertyitem.cpp(1423): note: 请考虑在格式字符串中使用“%lld”
  d:\space\github\旗舰大联盟\系统模块\系统模块\客户端组件\游戏道具\gamepropertyitem.cpp(1423): note: 请考虑在格式字符串中使用“%I64d”
  GamePropertyDll.cpp
d:\space\github\旗舰大联盟\系统模块\系统模块\客户端组件\图形类库\core\uimanager.h(45): warning C4091: “typedef ”: 没有声明变量时忽略“EVENTTYPE_UI”的左侧
  DlgTrumpetItem.cpp
d:\space\github\旗舰大联盟\系统模块\系统模块\客户端组件\图形类库\core\uimanager.h(45): warning C4091: “typedef ”: 没有声明变量时忽略“EVENTTYPE_UI”的左侧
d:\space\github\旗舰大联盟\系统模块\系统模块\客户端组件\游戏道具\dlgtrumpetitem.cpp(274): warning C4474: _snprintf_s: 格式字符串中传递的参数太多
  d:\space\github\旗舰大联盟\系统模块\系统模块\客户端组件\游戏道具\dlgtrumpetitem.cpp(274): note: 占位符和其参数预计 2 可变参数，但提供的却是 3 参数
d:\space\github\旗舰大联盟\系统模块\系统模块\客户端组件\游戏道具\dlgtrumpetitem.cpp(300): warning C4474: _snprintf_s: 格式字符串中传递的参数太多
  d:\space\github\旗舰大联盟\系统模块\系统模块\客户端组件\游戏道具\dlgtrumpetitem.cpp(300): note: 占位符和其参数预计 2 可变参数，但提供的却是 3 参数
  正在生成代码...
C:\Program Files (x86)\MSBuild\Microsoft.Cpp\v4.0\V140\Microsoft.CppBuild.targets(1189,5): warning MSB8012: TargetPath(D:\Space\Github\旗舰大联盟\系统模块\系统模块\客户端组件\游戏道具\Debug\游戏道具.dll) does not match the Linker's OutputFile property value (D:\Space\Github\旗舰大联盟\系统模块\运行\Debug\Ansi\GamePropertyD.dll). This may cause your project to build incorrectly. To correct this, please make sure that $(OutDir), $(TargetName) and $(TargetExt) property values match the value specified in %(Link.OutputFile).
C:\Program Files (x86)\MSBuild\Microsoft.Cpp\v4.0\V140\Microsoft.CppBuild.targets(1191,5): warning MSB8012: TargetName(游戏道具) does not match the Linker's OutputFile property value (GamePropertyD). This may cause your project to build incorrectly. To correct this, please make sure that $(OutDir), $(TargetName) and $(TargetExt) property values match the value specified in %(Link.OutputFile).
DlgTrumpetItem.obj : warning LNK4075: 忽略“/EDITANDCONTINUE”(由于“/SAFESEH”规范)
    正在创建库 ../../链接库/Ansi/GamePropertyD.lib 和对象 ../../链接库/Ansi/GamePropertyD.exp
DlgTrumpetItem.obj : error LNK2001: 无法解析的外部符号 "public: virtual long __thiscall CFGuiDialog::CloseWindow(void)" (?CloseWindow@CFGuiDialog@@UAEJXZ)
DlgTrumpetItem.obj : error LNK2001: 无法解析的外部符号 "public: virtual int __thiscall CFGuiDialog::DoModal(void)" (?DoModal@CFGuiDialog@@UAEHXZ)
DlgTrumpetItem.obj : error LNK2001: 无法解析的外部符号 "public: virtual long __thiscall CFGuiDialog::HandleOnSizeMessage(unsigned int,unsigned int,long,int &)" (?HandleOnSizeMessage@CFGuiDialog@@UAEJIIJAAH@Z)
../../../运行/Debug/Ansi/GamePropertyD.dll : fatal error LNK1120: 3 个无法解析的外部命令
