i:\qmqp\server\游戏组件\豪车俱乐部\机器人服务\release_unicode\luxurycarandroid.pch
i:\qmqp\server\游戏组件\豪车俱乐部\机器人服务\release_unicode\vc140.pdb
i:\qmqp\server\游戏组件\豪车俱乐部\机器人服务\release_unicode\stdafx.obj
i:\qmqp\server\游戏组件\豪车俱乐部\机器人服务\release_unicode\androiduseritemsink.obj
i:\qmqp\server\游戏组件\豪车俱乐部\机器人服务\release_unicode\androidservice.obj
i:\qmqp\server\游戏组件\豪车俱乐部\机器人服务\release_unicode\gamelogic.obj
i:\qmqp\server\运行\release\unicode\luxurycarandroid.dll
i:\qmqp\server\游戏组件\豪车俱乐部\机器人服务\release_unicode\luxurycarandroid.pdb
i:\qmqp\server\游戏组件\豪车俱乐部\机器人服务\release_unicode\androidservice.res
i:\qmqp\server\游戏组件\豪车俱乐部\机器人服务\release_unicode\机器人服务.lib
i:\qmqp\server\游戏组件\豪车俱乐部\机器人服务\release_unicode\机器人服务.exp
i:\qmqp\server\游戏组件\豪车俱乐部\机器人服务\release_unicode\luxurycarandroid.lib
i:\qmqp\server\游戏组件\豪车俱乐部\机器人服务\release_unicode\luxurycarandroid.exp
i:\qmqp\server\游戏组件\豪车俱乐部\机器人服务\release_unicode\msado15.tli
i:\qmqp\server\游戏组件\豪车俱乐部\机器人服务\release_unicode\msado15.tlh
i:\qmqp\server\游戏组件\豪车俱乐部\机器人服务\release_unicode\机器人服务.pch
i:\qmqp\server\游戏组件\豪车俱乐部\机器人服务\release_unicode\机器人服务.pdb
i:\qmqp\server\游戏组件\豪车俱乐部\机器人服务\release_unicode\机器人服务.tlog\cl.command.1.tlog
i:\qmqp\server\游戏组件\豪车俱乐部\机器人服务\release_unicode\机器人服务.tlog\cl.read.1.tlog
i:\qmqp\server\游戏组件\豪车俱乐部\机器人服务\release_unicode\机器人服务.tlog\cl.write.1.tlog
i:\qmqp\server\游戏组件\豪车俱乐部\机器人服务\release_unicode\机器人服务.tlog\link.command.1.tlog
i:\qmqp\server\游戏组件\豪车俱乐部\机器人服务\release_unicode\机器人服务.tlog\link.read.1.tlog
i:\qmqp\server\游戏组件\豪车俱乐部\机器人服务\release_unicode\机器人服务.tlog\link.write.1.tlog
i:\qmqp\server\游戏组件\豪车俱乐部\机器人服务\release_unicode\机器人服务.tlog\rc.command.1.tlog
i:\qmqp\server\游戏组件\豪车俱乐部\机器人服务\release_unicode\机器人服务.tlog\rc.read.1.tlog
i:\qmqp\server\游戏组件\豪车俱乐部\机器人服务\release_unicode\机器人服务.tlog\rc.write.1.tlog
i:\qmqp\server\游戏组件\豪车俱乐部\机器人服务\release_unicode\机器人服务.tlog\机器人服务.write.1u.tlog
