d:\whqj\游戏\game\足球连线\服务器组件\release_unicode\游戏服务器.pch
d:\whqj\游戏\game\足球连线\服务器组件\release_unicode\vc140.pdb
d:\whqj\游戏\game\足球连线\服务器组件\release_unicode\stdafx.obj
d:\whqj\游戏\game\足球连线\服务器组件\release_unicode\tableframesink.obj
d:\whqj\游戏\game\足球连线\服务器组件\release_unicode\historyscore.obj
d:\whqj\游戏\game\足球连线\服务器组件\release_unicode\gameservicemanager.obj
d:\whqj\游戏\game\足球连线\服务器组件\release_unicode\gameserver.obj
d:\whqj\游戏\game\足球连线\服务器组件\release_unicode\gamelogic.obj
d:\whqj\游戏\game\足球连线\服务器组件\release_unicode\gameinfowr.obj
d:\whqj\游戏\game\足球连线\服务器组件\release_unicode\dlgcustomrule.obj
d:\whqj\游戏\game\足球连线\服务器组件\release_unicode\gameserver.res
d:\whqj\游戏\game\足球连线\服务器组件\release_unicode\msado15.tli
d:\whqj\游戏\game\足球连线\服务器组件\release_unicode\msado15.tlh
d:\whqj\游戏\game\足球连线\服务器组件\release_unicode\游戏服务器.tlog\cl.command.1.tlog
d:\whqj\游戏\game\足球连线\服务器组件\release_unicode\游戏服务器.tlog\cl.read.1.tlog
d:\whqj\游戏\game\足球连线\服务器组件\release_unicode\游戏服务器.tlog\cl.write.1.tlog
d:\whqj\游戏\game\足球连线\服务器组件\release_unicode\游戏服务器.tlog\link.command.1.tlog
d:\whqj\游戏\game\足球连线\服务器组件\release_unicode\游戏服务器.tlog\link.read.1.tlog
d:\whqj\游戏\game\足球连线\服务器组件\release_unicode\游戏服务器.tlog\link.write.1.tlog
d:\whqj\游戏\game\足球连线\服务器组件\release_unicode\游戏服务器.tlog\rc.command.1.tlog
d:\whqj\游戏\game\足球连线\服务器组件\release_unicode\游戏服务器.tlog\rc.read.1.tlog
d:\whqj\游戏\game\足球连线\服务器组件\release_unicode\游戏服务器.tlog\rc.write.1.tlog
