d:\projects\trunk\server\server\游戏组件\大连客户\水浒传\机器人服务\release_unicode\watermarginandroid.pch
d:\projects\trunk\server\server\游戏组件\大连客户\水浒传\机器人服务\release_unicode\vc140.pdb
d:\projects\trunk\server\server\游戏组件\大连客户\水浒传\机器人服务\release_unicode\androidservice.obj
d:\projects\trunk\server\server\游戏组件\大连客户\水浒传\机器人服务\release_unicode\androiduseritemsink.obj
d:\projects\trunk\server\server\游戏组件\大连客户\水浒传\机器人服务\release_unicode\stdafx.obj
d:\projects\trunk\server\server\运行\release\unicode\watermarginandroid.dll
d:\projects\trunk\server\server\运行\release\unicode\watermarginandroid.pdb
d:\projects\trunk\server\server\游戏组件\大连客户\水浒传\机器人服务\release_unicode\androidservice.res
d:\projects\trunk\server\server\运行\release\unicode\watermarginandroid.lib
d:\projects\trunk\server\server\运行\release\unicode\watermarginandroid.exp
d:\projects\trunk\server\server\游戏组件\大连客户\水浒传\机器人服务\release_unicode\flash.tli
d:\projects\trunk\server\server\游戏组件\大连客户\水浒传\机器人服务\release_unicode\msado15.tli
d:\projects\trunk\server\server\游戏组件\大连客户\水浒传\机器人服务\release_unicode\flash.tlh
d:\projects\trunk\server\server\游戏组件\大连客户\水浒传\机器人服务\release_unicode\msado15.tlh
d:\projects\trunk\server\server\游戏组件\大连客户\水浒传\机器人服务\../../../../运行/release/unicode/watermarginandroid.dll
d:\projects\trunk\server\server\游戏组件\大连客户\水浒传\机器人服务\release_unicode\机器人服务.tlog\cl.command.1.tlog
d:\projects\trunk\server\server\游戏组件\大连客户\水浒传\机器人服务\release_unicode\机器人服务.tlog\cl.read.1.tlog
d:\projects\trunk\server\server\游戏组件\大连客户\水浒传\机器人服务\release_unicode\机器人服务.tlog\cl.write.1.tlog
d:\projects\trunk\server\server\游戏组件\大连客户\水浒传\机器人服务\release_unicode\机器人服务.tlog\link.command.1.tlog
d:\projects\trunk\server\server\游戏组件\大连客户\水浒传\机器人服务\release_unicode\机器人服务.tlog\link.read.1.tlog
d:\projects\trunk\server\server\游戏组件\大连客户\水浒传\机器人服务\release_unicode\机器人服务.tlog\link.write.1.tlog
d:\projects\trunk\server\server\游戏组件\大连客户\水浒传\机器人服务\release_unicode\机器人服务.tlog\rc.command.1.tlog
d:\projects\trunk\server\server\游戏组件\大连客户\水浒传\机器人服务\release_unicode\机器人服务.tlog\rc.read.1.tlog
d:\projects\trunk\server\server\游戏组件\大连客户\水浒传\机器人服务\release_unicode\机器人服务.tlog\rc.write.1.tlog
d:\projects\trunk\server\server\游戏组件\大连客户\水浒传\机器人服务\release_unicode\机器人服务.tlog\机器人服务.write.1u.tlog
