i:\whqjgame\server\游戏组件\h客户\豪车俱乐部\游戏服务器\debug_unicode\服务端组件.pch
i:\whqjgame\server\游戏组件\h客户\豪车俱乐部\游戏服务器\debug_unicode\vc140.pdb
i:\whqjgame\server\游戏组件\h客户\豪车俱乐部\游戏服务器\debug_unicode\vc140.idb
i:\whqjgame\server\游戏组件\h客户\豪车俱乐部\游戏服务器\debug_unicode\stdafx.obj
i:\whqjgame\server\游戏组件\h客户\豪车俱乐部\游戏服务器\debug_unicode\dlgcustomrule.obj
i:\whqjgame\server\游戏组件\h客户\豪车俱乐部\游戏服务器\debug_unicode\gamelogic.obj
i:\whqjgame\server\游戏组件\h客户\豪车俱乐部\游戏服务器\debug_unicode\gameserver.obj
i:\whqjgame\server\游戏组件\h客户\豪车俱乐部\游戏服务器\debug_unicode\gameservermanager.obj
i:\whqjgame\server\游戏组件\h客户\豪车俱乐部\游戏服务器\debug_unicode\tableframesink.obj
i:\whqjgame\server\运行\debug\unicode\luxurycarserver.ilk
i:\whqjgame\server\运行\debug\unicode\luxurycarserver.dll
i:\whqjgame\server\游戏组件\h客户\豪车俱乐部\游戏服务器\debug_unicode\服务端组件.pdb
i:\whqjgame\server\游戏组件\h客户\豪车俱乐部\游戏服务器\debug_unicode\gameserver.res
i:\whqjgame\server\游戏组件\h客户\豪车俱乐部\游戏服务器\debug_unicode\gameserver.lib
i:\whqjgame\server\游戏组件\h客户\豪车俱乐部\游戏服务器\debug_unicode\gameserver.exp
i:\whqjgame\server\游戏组件\h客户\豪车俱乐部\游戏服务器\debug_unicode\flash.tli
i:\whqjgame\server\游戏组件\h客户\豪车俱乐部\游戏服务器\debug_unicode\msado15.tli
i:\whqjgame\server\游戏组件\h客户\豪车俱乐部\游戏服务器\debug_unicode\flash.tlh
i:\whqjgame\server\游戏组件\h客户\豪车俱乐部\游戏服务器\debug_unicode\msado15.tlh
i:\whqjgame\server\游戏组件\h客户\豪车俱乐部\游戏服务器\debug_unicode\服务端组件.tlog\cl.command.1.tlog
i:\whqjgame\server\游戏组件\h客户\豪车俱乐部\游戏服务器\debug_unicode\服务端组件.tlog\cl.read.1.tlog
i:\whqjgame\server\游戏组件\h客户\豪车俱乐部\游戏服务器\debug_unicode\服务端组件.tlog\cl.write.1.tlog
i:\whqjgame\server\游戏组件\h客户\豪车俱乐部\游戏服务器\debug_unicode\服务端组件.tlog\link.command.1.tlog
i:\whqjgame\server\游戏组件\h客户\豪车俱乐部\游戏服务器\debug_unicode\服务端组件.tlog\link.read.1.tlog
i:\whqjgame\server\游戏组件\h客户\豪车俱乐部\游戏服务器\debug_unicode\服务端组件.tlog\link.write.1.tlog
i:\whqjgame\server\游戏组件\h客户\豪车俱乐部\游戏服务器\debug_unicode\服务端组件.tlog\rc.command.1.tlog
i:\whqjgame\server\游戏组件\h客户\豪车俱乐部\游戏服务器\debug_unicode\服务端组件.tlog\rc.read.1.tlog
i:\whqjgame\server\游戏组件\h客户\豪车俱乐部\游戏服务器\debug_unicode\服务端组件.tlog\rc.write.1.tlog
i:\whqjgame\server\游戏组件\h客户\豪车俱乐部\游戏服务器\debug_unicode\服务端组件.tlog\服务端组件.write.1u.tlog
