i:\qmqp\server\游戏组件\豪车俱乐部\游戏服务器\release_unicode\vc140.pdb
i:\qmqp\server\游戏组件\豪车俱乐部\游戏服务器\release_unicode\gameservermanager.obj
i:\qmqp\server\游戏组件\豪车俱乐部\游戏服务器\release_unicode\dlgcustomrule.obj
i:\qmqp\server\游戏组件\豪车俱乐部\游戏服务器\release_unicode\tableframesink.obj
i:\qmqp\server\游戏组件\豪车俱乐部\游戏服务器\release_unicode\luxurycarserver.pch
i:\qmqp\server\游戏组件\豪车俱乐部\游戏服务器\release_unicode\stdafx.obj
i:\qmqp\server\游戏组件\豪车俱乐部\游戏服务器\release_unicode\gameserver.obj
i:\qmqp\server\游戏组件\豪车俱乐部\游戏服务器\release_unicode\gamelogic.obj
i:\qmqp\server\运行\release\unicode\luxurycarserver.dll
i:\qmqp\server\游戏组件\豪车俱乐部\游戏服务器\release_unicode\luxurycarserver.pdb
i:\qmqp\server\游戏组件\豪车俱乐部\游戏服务器\release_unicode\gameserver.res
i:\qmqp\server\游戏组件\豪车俱乐部\游戏服务器\release_unicode\gameserver.lib
i:\qmqp\server\游戏组件\豪车俱乐部\游戏服务器\release_unicode\gameserver.exp
i:\qmqp\server\游戏组件\豪车俱乐部\游戏服务器\release_unicode\msado15.tli
i:\qmqp\server\游戏组件\豪车俱乐部\游戏服务器\release_unicode\msado15.tlh
i:\qmqp\server\游戏组件\豪车俱乐部\游戏服务器\release_unicode\服务端组件.tlog\cl.command.1.tlog
i:\qmqp\server\游戏组件\豪车俱乐部\游戏服务器\release_unicode\服务端组件.tlog\cl.read.1.tlog
i:\qmqp\server\游戏组件\豪车俱乐部\游戏服务器\release_unicode\服务端组件.tlog\cl.write.1.tlog
i:\qmqp\server\游戏组件\豪车俱乐部\游戏服务器\release_unicode\服务端组件.tlog\link.command.1.tlog
i:\qmqp\server\游戏组件\豪车俱乐部\游戏服务器\release_unicode\服务端组件.tlog\link.read.1.tlog
i:\qmqp\server\游戏组件\豪车俱乐部\游戏服务器\release_unicode\服务端组件.tlog\link.write.1.tlog
i:\qmqp\server\游戏组件\豪车俱乐部\游戏服务器\release_unicode\服务端组件.tlog\rc.command.1.tlog
i:\qmqp\server\游戏组件\豪车俱乐部\游戏服务器\release_unicode\服务端组件.tlog\rc.read.1.tlog
i:\qmqp\server\游戏组件\豪车俱乐部\游戏服务器\release_unicode\服务端组件.tlog\rc.write.1.tlog
i:\qmqp\server\游戏组件\豪车俱乐部\游戏服务器\release_unicode\服务端组件.tlog\服务端组件.write.1u.tlog
