i:\whgame\游戏组件\金币游戏\豪车俱乐部\游戏服务器\release_unicode\豪车俱乐部服务端.pch
i:\whgame\游戏组件\金币游戏\豪车俱乐部\游戏服务器\release_unicode\vc140.pdb
i:\whgame\游戏组件\金币游戏\豪车俱乐部\游戏服务器\release_unicode\stdafx.obj
i:\whgame\游戏组件\金币游戏\豪车俱乐部\游戏服务器\release_unicode\tableframesink.obj
i:\whgame\游戏组件\金币游戏\豪车俱乐部\游戏服务器\release_unicode\gameservermanager.obj
i:\whgame\游戏组件\金币游戏\豪车俱乐部\游戏服务器\release_unicode\gameserver.obj
i:\whgame\游戏组件\金币游戏\豪车俱乐部\游戏服务器\release_unicode\gamelogic.obj
i:\whgame\游戏组件\金币游戏\豪车俱乐部\游戏服务器\release_unicode\dlgcustomrule.obj
i:\whgame\运行\release\unicode\luxurycarserver.dll
i:\whgame\游戏组件\金币游戏\豪车俱乐部\游戏服务器\release_unicode\豪车俱乐部服务端.pdb
i:\whgame\游戏组件\金币游戏\豪车俱乐部\游戏服务器\release_unicode\gameserver.res
i:\whgame\游戏组件\金币游戏\豪车俱乐部\游戏服务器\release_unicode\gameserver.lib
i:\whgame\游戏组件\金币游戏\豪车俱乐部\游戏服务器\release_unicode\gameserver.exp
i:\whgame\游戏组件\金币游戏\豪车俱乐部\游戏服务器\release_unicode\msado15.tli
i:\whgame\游戏组件\金币游戏\豪车俱乐部\游戏服务器\release_unicode\msado15.tlh
i:\whgame\游戏组件\金币游戏\豪车俱乐部\游戏服务器\release_unicode\豪车俱乐部服务端.tlog\cl.command.1.tlog
i:\whgame\游戏组件\金币游戏\豪车俱乐部\游戏服务器\release_unicode\豪车俱乐部服务端.tlog\cl.read.1.tlog
i:\whgame\游戏组件\金币游戏\豪车俱乐部\游戏服务器\release_unicode\豪车俱乐部服务端.tlog\cl.write.1.tlog
i:\whgame\游戏组件\金币游戏\豪车俱乐部\游戏服务器\release_unicode\豪车俱乐部服务端.tlog\link.command.1.tlog
i:\whgame\游戏组件\金币游戏\豪车俱乐部\游戏服务器\release_unicode\豪车俱乐部服务端.tlog\link.read.1.tlog
i:\whgame\游戏组件\金币游戏\豪车俱乐部\游戏服务器\release_unicode\豪车俱乐部服务端.tlog\link.write.1.tlog
i:\whgame\游戏组件\金币游戏\豪车俱乐部\游戏服务器\release_unicode\豪车俱乐部服务端.tlog\rc.command.1.tlog
i:\whgame\游戏组件\金币游戏\豪车俱乐部\游戏服务器\release_unicode\豪车俱乐部服务端.tlog\rc.read.1.tlog
i:\whgame\游戏组件\金币游戏\豪车俱乐部\游戏服务器\release_unicode\豪车俱乐部服务端.tlog\rc.write.1.tlog
i:\whgame\游戏组件\金币游戏\豪车俱乐部\游戏服务器\release_unicode\豪车俱乐部服务端.tlog\豪车俱乐部服务端.write.1u.tlog
