[2023-08-27 14:43:38,706] [::1] [http://localhost:4778/Index.aspx] 	
[当前堆栈]：   在 System.Web.UI.Page.HandleError(Exception e)
   在 System.Web.UI.Page.ProcessRequestMain(Boolean includeStagesBeforeAsyncPoint, Boolean includeStagesAfterAsyncPoint)
   在 System.Web.UI.Page.ProcessRequest(Boolean includeStagesBeforeAsyncPoint, Boolean includeStagesAfterAsyncPoint)
   在 System.Web.UI.Page.ProcessRequest()
   在 System.Web.UI.Page.ProcessRequest(HttpContext context)
   在 ASP.index_aspx.ProcessRequest(HttpContext context) 位置 c:\Users\Administrator\AppData\Local\Temp\Temporary ASP.NET Files\vs\65bd587d\981aefc0\App_Web_zg0i4rhy.2.cs:行号 0
   在 System.Web.HttpApplication.CallHandlerExecutionStep.System.Web.HttpApplication.IExecutionStep.Execute()
   在 System.Web.HttpApplication.ExecuteStepImpl(IExecutionStep step)
   在 System.Web.HttpApplication.ExecuteStep(IExecutionStep step, Boolean& completedSynchronously)
[错误]：引发类型为“System.Web.HttpUnhandledException”的异常。
[2023-08-27 14:44:52,866] [::1] [http://localhost:4778/Index.aspx] 	
[当前堆栈]：   在 System.Web.UI.Page.HandleError(Exception e)
   在 System.Web.UI.Page.ProcessRequestMain(Boolean includeStagesBeforeAsyncPoint, Boolean includeStagesAfterAsyncPoint)
   在 System.Web.UI.Page.ProcessRequest(Boolean includeStagesBeforeAsyncPoint, Boolean includeStagesAfterAsyncPoint)
   在 System.Web.UI.Page.ProcessRequest()
   在 System.Web.UI.Page.ProcessRequest(HttpContext context)
   在 ASP.index_aspx.ProcessRequest(HttpContext context) 位置 c:\Users\Administrator\AppData\Local\Temp\Temporary ASP.NET Files\vs\65bd587d\981aefc0\App_Web_zg0i4rhy.2.cs:行号 0
   在 System.Web.HttpApplication.CallHandlerExecutionStep.System.Web.HttpApplication.IExecutionStep.Execute()
   在 System.Web.HttpApplication.ExecuteStepImpl(IExecutionStep step)
   在 System.Web.HttpApplication.ExecuteStep(IExecutionStep step, Boolean& completedSynchronously)
[错误]：引发类型为“System.Web.HttpUnhandledException”的异常。
