d:\projects\trunk\server\server\游戏组件\大连客户\豪车俱乐部_金币版\机器人服务\debug_unicode\luxurycarandroid.pch
d:\projects\trunk\server\server\游戏组件\大连客户\豪车俱乐部_金币版\机器人服务\debug_unicode\vc140.pdb
d:\projects\trunk\server\server\游戏组件\大连客户\豪车俱乐部_金币版\机器人服务\debug_unicode\vc140.idb
d:\projects\trunk\server\server\游戏组件\大连客户\豪车俱乐部_金币版\机器人服务\debug_unicode\stdafx.obj
d:\projects\trunk\server\server\游戏组件\大连客户\豪车俱乐部_金币版\机器人服务\debug_unicode\gamelogic.obj
d:\projects\trunk\server\server\游戏组件\大连客户\豪车俱乐部_金币版\机器人服务\debug_unicode\androidservice.obj
d:\projects\trunk\server\server\游戏组件\大连客户\豪车俱乐部_金币版\机器人服务\debug_unicode\androiduseritemsink.obj
d:\projects\trunk\server\server\运行\debug\unicode\luxurycarandroid.ilk
d:\projects\trunk\server\server\运行\debug\unicode\luxurycarandroid.dll
d:\projects\trunk\server\server\游戏组件\大连客户\豪车俱乐部_金币版\机器人服务\debug_unicode\luxurycarandroid.pdb
d:\projects\trunk\server\server\游戏组件\大连客户\豪车俱乐部_金币版\机器人服务\debug_unicode\androidservice.res
d:\projects\trunk\server\server\游戏组件\大连客户\豪车俱乐部_金币版\机器人服务\debug_unicode\luxurycarandroid.lib
d:\projects\trunk\server\server\游戏组件\大连客户\豪车俱乐部_金币版\机器人服务\debug_unicode\luxurycarandroid.exp
d:\projects\trunk\server\server\游戏组件\大连客户\豪车俱乐部_金币版\机器人服务\debug_unicode\flash.tli
d:\projects\trunk\server\server\游戏组件\大连客户\豪车俱乐部_金币版\机器人服务\debug_unicode\msado15.tli
d:\projects\trunk\server\server\游戏组件\大连客户\豪车俱乐部_金币版\机器人服务\debug_unicode\flash.tlh
d:\projects\trunk\server\server\游戏组件\大连客户\豪车俱乐部_金币版\机器人服务\debug_unicode\msado15.tlh
d:\projects\trunk\server\server\游戏组件\大连客户\豪车俱乐部_金币版\机器人服务\debug_unicode\机器人服务.tlog\cl.command.1.tlog
d:\projects\trunk\server\server\游戏组件\大连客户\豪车俱乐部_金币版\机器人服务\debug_unicode\机器人服务.tlog\cl.read.1.tlog
d:\projects\trunk\server\server\游戏组件\大连客户\豪车俱乐部_金币版\机器人服务\debug_unicode\机器人服务.tlog\cl.write.1.tlog
d:\projects\trunk\server\server\游戏组件\大连客户\豪车俱乐部_金币版\机器人服务\debug_unicode\机器人服务.tlog\link.command.1.tlog
d:\projects\trunk\server\server\游戏组件\大连客户\豪车俱乐部_金币版\机器人服务\debug_unicode\机器人服务.tlog\link.read.1.tlog
d:\projects\trunk\server\server\游戏组件\大连客户\豪车俱乐部_金币版\机器人服务\debug_unicode\机器人服务.tlog\link.write.1.tlog
d:\projects\trunk\server\server\游戏组件\大连客户\豪车俱乐部_金币版\机器人服务\debug_unicode\机器人服务.tlog\rc.command.1.tlog
d:\projects\trunk\server\server\游戏组件\大连客户\豪车俱乐部_金币版\机器人服务\debug_unicode\机器人服务.tlog\rc.read.1.tlog
d:\projects\trunk\server\server\游戏组件\大连客户\豪车俱乐部_金币版\机器人服务\debug_unicode\机器人服务.tlog\rc.write.1.tlog
d:\projects\trunk\server\server\游戏组件\大连客户\豪车俱乐部_金币版\机器人服务\debug_unicode\机器人服务.tlog\机器人服务.write.1u.tlog
