i:\qmqp\server\游戏组件\豪车俱乐部\客户端控制\release_unicode\luxurycarclientcontrol.pch
i:\qmqp\server\游戏组件\豪车俱乐部\客户端控制\release_unicode\vc140.pdb
i:\qmqp\server\游戏组件\豪车俱乐部\客户端控制\release_unicode\stdafx.obj
i:\qmqp\server\游戏组件\豪车俱乐部\客户端控制\release_unicode\clientcontrolitemsink.obj
i:\qmqp\server\游戏组件\豪车俱乐部\客户端控制\release_unicode\clientcontrol.obj
i:\qmqp\server\运行\release\unicode\luxurycarclientcontrol.dll
i:\qmqp\server\游戏组件\豪车俱乐部\客户端控制\release_unicode\luxurycarclientcontrol.pdb
i:\qmqp\server\游戏组件\豪车俱乐部\客户端控制\release_unicode\clientcontrol.res
i:\qmqp\server\游戏组件\豪车俱乐部\客户端控制\release_unicode\clientcontrol.lib
i:\qmqp\server\游戏组件\豪车俱乐部\客户端控制\release_unicode\clientcontrol.exp
i:\qmqp\server\游戏组件\豪车俱乐部\客户端控制\release_unicode\msado15.tli
i:\qmqp\server\游戏组件\豪车俱乐部\客户端控制\release_unicode\msado15.tlh
i:\qmqp\server\游戏组件\豪车俱乐部\客户端控制\release_unicode\控制客户端.tlog\cl.command.1.tlog
i:\qmqp\server\游戏组件\豪车俱乐部\客户端控制\release_unicode\控制客户端.tlog\cl.read.1.tlog
i:\qmqp\server\游戏组件\豪车俱乐部\客户端控制\release_unicode\控制客户端.tlog\cl.write.1.tlog
i:\qmqp\server\游戏组件\豪车俱乐部\客户端控制\release_unicode\控制客户端.tlog\link.command.1.tlog
i:\qmqp\server\游戏组件\豪车俱乐部\客户端控制\release_unicode\控制客户端.tlog\link.read.1.tlog
i:\qmqp\server\游戏组件\豪车俱乐部\客户端控制\release_unicode\控制客户端.tlog\link.write.1.tlog
i:\qmqp\server\游戏组件\豪车俱乐部\客户端控制\release_unicode\控制客户端.tlog\rc.command.1.tlog
i:\qmqp\server\游戏组件\豪车俱乐部\客户端控制\release_unicode\控制客户端.tlog\rc.read.1.tlog
i:\qmqp\server\游戏组件\豪车俱乐部\客户端控制\release_unicode\控制客户端.tlog\rc.write.1.tlog
i:\qmqp\server\游戏组件\豪车俱乐部\客户端控制\release_unicode\控制客户端.tlog\控制客户端.write.1u.tlog
