i:\whgame\游戏组件\旗舰版子游戏\百人龙虎斗\服务器控制\release_unicode\dragontigerservercontrol.pch
i:\whgame\游戏组件\旗舰版子游戏\百人龙虎斗\服务器控制\release_unicode\vc140.pdb
i:\whgame\游戏组件\旗舰版子游戏\百人龙虎斗\服务器控制\release_unicode\stdafx.obj
i:\whgame\游戏组件\旗舰版子游戏\百人龙虎斗\服务器控制\release_unicode\servercontrolitemsink.obj
i:\whgame\游戏组件\旗舰版子游戏\百人龙虎斗\服务器控制\release_unicode\servercontrol.obj
i:\whgame\运行\release\unicode\dragontigerservercontrol.dll
i:\whgame\游戏组件\旗舰版子游戏\百人龙虎斗\服务器控制\release_unicode\dragontigerservercontrol.pdb
i:\whgame\游戏组件\旗舰版子游戏\百人龙虎斗\服务器控制\release_unicode\servercontrol.res
i:\whgame\游戏组件\旗舰版子游戏\百人龙虎斗\服务器控制\release_unicode\servercontrol.lib
i:\whgame\游戏组件\旗舰版子游戏\百人龙虎斗\服务器控制\release_unicode\servercontrol.exp
i:\whgame\游戏组件\旗舰版子游戏\百人龙虎斗\服务器控制\release_unicode\flash.tli
i:\whgame\游戏组件\旗舰版子游戏\百人龙虎斗\服务器控制\release_unicode\msado15.tli
i:\whgame\游戏组件\旗舰版子游戏\百人龙虎斗\服务器控制\release_unicode\flash.tlh
i:\whgame\游戏组件\旗舰版子游戏\百人龙虎斗\服务器控制\release_unicode\msado15.tlh
i:\whgame\游戏组件\旗舰版子游戏\百人龙虎斗\服务器控制\release_unicode\控制服务器.tlog\cl.command.1.tlog
i:\whgame\游戏组件\旗舰版子游戏\百人龙虎斗\服务器控制\release_unicode\控制服务器.tlog\cl.read.1.tlog
i:\whgame\游戏组件\旗舰版子游戏\百人龙虎斗\服务器控制\release_unicode\控制服务器.tlog\cl.write.1.tlog
i:\whgame\游戏组件\旗舰版子游戏\百人龙虎斗\服务器控制\release_unicode\控制服务器.tlog\link.command.1.tlog
i:\whgame\游戏组件\旗舰版子游戏\百人龙虎斗\服务器控制\release_unicode\控制服务器.tlog\link.read.1.tlog
i:\whgame\游戏组件\旗舰版子游戏\百人龙虎斗\服务器控制\release_unicode\控制服务器.tlog\link.write.1.tlog
i:\whgame\游戏组件\旗舰版子游戏\百人龙虎斗\服务器控制\release_unicode\控制服务器.tlog\rc.command.1.tlog
i:\whgame\游戏组件\旗舰版子游戏\百人龙虎斗\服务器控制\release_unicode\控制服务器.tlog\rc.read.1.tlog
i:\whgame\游戏组件\旗舰版子游戏\百人龙虎斗\服务器控制\release_unicode\控制服务器.tlog\rc.write.1.tlog
i:\whgame\游戏组件\旗舰版子游戏\百人龙虎斗\服务器控制\release_unicode\控制服务器.tlog\控制服务器.write.1u.tlog
