d:\projects\trunk\server\server\游戏组件\大连客户\水浒传\客户端控制\release_unicode\watermarginclientdebug.pch
d:\projects\trunk\server\server\游戏组件\大连客户\水浒传\客户端控制\release_unicode\vc140.pdb
d:\projects\trunk\server\server\游戏组件\大连客户\水浒传\客户端控制\release_unicode\stdafx.obj
d:\projects\trunk\server\server\游戏组件\大连客户\水浒传\客户端控制\release_unicode\clientcontrolitemsink.obj
d:\projects\trunk\server\server\游戏组件\大连客户\水浒传\客户端控制\release_unicode\clientcontrol.obj
d:\projects\trunk\server\server\运行\release\unicode\watermarginclientdebug.dll
d:\projects\trunk\server\server\运行\release\unicode\watermarginclientdebug.pdb
d:\projects\trunk\server\server\游戏组件\大连客户\水浒传\客户端控制\release_unicode\clientcontrol.res
d:\projects\trunk\server\server\运行\release\unicode\clientcontrol.lib
d:\projects\trunk\server\server\运行\release\unicode\clientcontrol.exp
d:\projects\trunk\server\server\游戏组件\大连客户\水浒传\客户端控制\release_unicode\flash.tli
d:\projects\trunk\server\server\游戏组件\大连客户\水浒传\客户端控制\release_unicode\flash.tlh
d:\projects\trunk\server\server\游戏组件\大连客户\水浒传\客户端控制\../../../../运行/release/unicode/watermarginclientdebug.dll
d:\projects\trunk\server\server\游戏组件\大连客户\水浒传\客户端控制\release_unicode\客户端调试-水浒传.tlog\cl.command.1.tlog
d:\projects\trunk\server\server\游戏组件\大连客户\水浒传\客户端控制\release_unicode\客户端调试-水浒传.tlog\cl.read.1.tlog
d:\projects\trunk\server\server\游戏组件\大连客户\水浒传\客户端控制\release_unicode\客户端调试-水浒传.tlog\cl.write.1.tlog
d:\projects\trunk\server\server\游戏组件\大连客户\水浒传\客户端控制\release_unicode\客户端调试-水浒传.tlog\link.command.1.tlog
d:\projects\trunk\server\server\游戏组件\大连客户\水浒传\客户端控制\release_unicode\客户端调试-水浒传.tlog\link.read.1.tlog
d:\projects\trunk\server\server\游戏组件\大连客户\水浒传\客户端控制\release_unicode\客户端调试-水浒传.tlog\link.write.1.tlog
d:\projects\trunk\server\server\游戏组件\大连客户\水浒传\客户端控制\release_unicode\客户端调试-水浒传.tlog\rc.command.1.tlog
d:\projects\trunk\server\server\游戏组件\大连客户\水浒传\客户端控制\release_unicode\客户端调试-水浒传.tlog\rc.read.1.tlog
d:\projects\trunk\server\server\游戏组件\大连客户\水浒传\客户端控制\release_unicode\客户端调试-水浒传.tlog\rc.write.1.tlog
d:\projects\trunk\server\server\游戏组件\大连客户\水浒传\客户端控制\release_unicode\客户端调试-水浒传.tlog\客户端调试-水浒传.write.1u.tlog
