d:\projects\trunk\server\server\游戏组件\大连客户\豪车俱乐部_金币版\客户端控制\debug_unicode\luxurycarclientdebug.pch
d:\projects\trunk\server\server\游戏组件\大连客户\豪车俱乐部_金币版\客户端控制\debug_unicode\vc140.pdb
d:\projects\trunk\server\server\游戏组件\大连客户\豪车俱乐部_金币版\客户端控制\debug_unicode\vc140.idb
d:\projects\trunk\server\server\游戏组件\大连客户\豪车俱乐部_金币版\客户端控制\debug_unicode\stdafx.obj
d:\projects\trunk\server\server\游戏组件\大连客户\豪车俱乐部_金币版\客户端控制\debug_unicode\clientcontrol.obj
d:\projects\trunk\server\server\游戏组件\大连客户\豪车俱乐部_金币版\客户端控制\debug_unicode\clientcontrolitemsink.obj
d:\projects\trunk\server\server\运行\debug\unicode\luxurycarclientdebug.ilk
d:\projects\trunk\server\server\运行\debug\unicode\luxurycarclientdebug.dll
d:\projects\trunk\server\server\游戏组件\大连客户\豪车俱乐部_金币版\客户端控制\debug_unicode\luxurycarclientdebug.pdb
d:\projects\trunk\server\server\游戏组件\大连客户\豪车俱乐部_金币版\客户端控制\debug_unicode\clientcontrol.res
d:\projects\trunk\server\server\游戏组件\大连客户\豪车俱乐部_金币版\客户端控制\debug_unicode\clientcontrol.lib
d:\projects\trunk\server\server\游戏组件\大连客户\豪车俱乐部_金币版\客户端控制\debug_unicode\clientcontrol.exp
d:\projects\trunk\server\server\游戏组件\大连客户\豪车俱乐部_金币版\客户端控制\debug_unicode\msado15.tli
d:\projects\trunk\server\server\游戏组件\大连客户\豪车俱乐部_金币版\客户端控制\debug_unicode\msado15.tlh
d:\projects\trunk\server\server\游戏组件\大连客户\豪车俱乐部_金币版\客户端控制\debug_unicode\客户端调试.tlog\cl.command.1.tlog
d:\projects\trunk\server\server\游戏组件\大连客户\豪车俱乐部_金币版\客户端控制\debug_unicode\客户端调试.tlog\cl.read.1.tlog
d:\projects\trunk\server\server\游戏组件\大连客户\豪车俱乐部_金币版\客户端控制\debug_unicode\客户端调试.tlog\cl.write.1.tlog
d:\projects\trunk\server\server\游戏组件\大连客户\豪车俱乐部_金币版\客户端控制\debug_unicode\客户端调试.tlog\link.command.1.tlog
d:\projects\trunk\server\server\游戏组件\大连客户\豪车俱乐部_金币版\客户端控制\debug_unicode\客户端调试.tlog\link.read.1.tlog
d:\projects\trunk\server\server\游戏组件\大连客户\豪车俱乐部_金币版\客户端控制\debug_unicode\客户端调试.tlog\link.write.1.tlog
d:\projects\trunk\server\server\游戏组件\大连客户\豪车俱乐部_金币版\客户端控制\debug_unicode\客户端调试.tlog\rc.command.1.tlog
d:\projects\trunk\server\server\游戏组件\大连客户\豪车俱乐部_金币版\客户端控制\debug_unicode\客户端调试.tlog\rc.read.1.tlog
d:\projects\trunk\server\server\游戏组件\大连客户\豪车俱乐部_金币版\客户端控制\debug_unicode\客户端调试.tlog\rc.write.1.tlog
d:\projects\trunk\server\server\游戏组件\大连客户\豪车俱乐部_金币版\客户端控制\debug_unicode\客户端调试.tlog\客户端调试.write.1u.tlog
