d:\projects\trunk\server\server\游戏组件\大连客户\新百家乐（超级抢庄版）\游戏服务器\debug_unicode\服务器组件.pch
d:\projects\trunk\server\server\游戏组件\大连客户\新百家乐（超级抢庄版）\游戏服务器\debug_unicode\vc140.pdb
d:\projects\trunk\server\server\游戏组件\大连客户\新百家乐（超级抢庄版）\游戏服务器\debug_unicode\vc140.idb
d:\projects\trunk\server\server\游戏组件\大连客户\新百家乐（超级抢庄版）\游戏服务器\debug_unicode\stdafx.obj
d:\projects\trunk\server\server\游戏组件\大连客户\新百家乐（超级抢庄版）\游戏服务器\debug_unicode\dlgcustomrule.obj
d:\projects\trunk\server\server\游戏组件\大连客户\新百家乐（超级抢庄版）\游戏服务器\debug_unicode\gamelogic.obj
d:\projects\trunk\server\server\游戏组件\大连客户\新百家乐（超级抢庄版）\游戏服务器\debug_unicode\gameserver.obj
d:\projects\trunk\server\server\游戏组件\大连客户\新百家乐（超级抢庄版）\游戏服务器\debug_unicode\gameservermanager.obj
d:\projects\trunk\server\server\游戏组件\大连客户\新百家乐（超级抢庄版）\游戏服务器\debug_unicode\tableframesink.obj
d:\projects\trunk\server\server\运行\debug\unicode\baccaratnewserver.ilk
d:\projects\trunk\server\server\运行\debug\unicode\baccaratnewserver.dll
d:\projects\trunk\server\server\游戏组件\大连客户\新百家乐（超级抢庄版）\游戏服务器\debug_unicode\服务器组件.pdb
d:\projects\trunk\server\server\游戏组件\大连客户\新百家乐（超级抢庄版）\游戏服务器\debug_unicode\gameserver.res
d:\projects\trunk\server\server\游戏组件\大连客户\新百家乐（超级抢庄版）\游戏服务器\debug_unicode\gameserver.lib
d:\projects\trunk\server\server\游戏组件\大连客户\新百家乐（超级抢庄版）\游戏服务器\debug_unicode\gameserver.exp
d:\projects\trunk\server\server\游戏组件\大连客户\新百家乐（超级抢庄版）\游戏服务器\debug_unicode\flash.tli
d:\projects\trunk\server\server\游戏组件\大连客户\新百家乐（超级抢庄版）\游戏服务器\debug_unicode\msado15.tli
d:\projects\trunk\server\server\游戏组件\大连客户\新百家乐（超级抢庄版）\游戏服务器\debug_unicode\flash.tlh
d:\projects\trunk\server\server\游戏组件\大连客户\新百家乐（超级抢庄版）\游戏服务器\debug_unicode\msado15.tlh
d:\projects\trunk\server\server\游戏组件\大连客户\新百家乐（超级抢庄版）\游戏服务器\debug_unicode\服务器组件.tlog\cl.command.1.tlog
d:\projects\trunk\server\server\游戏组件\大连客户\新百家乐（超级抢庄版）\游戏服务器\debug_unicode\服务器组件.tlog\cl.read.1.tlog
d:\projects\trunk\server\server\游戏组件\大连客户\新百家乐（超级抢庄版）\游戏服务器\debug_unicode\服务器组件.tlog\cl.write.1.tlog
d:\projects\trunk\server\server\游戏组件\大连客户\新百家乐（超级抢庄版）\游戏服务器\debug_unicode\服务器组件.tlog\link.command.1.tlog
d:\projects\trunk\server\server\游戏组件\大连客户\新百家乐（超级抢庄版）\游戏服务器\debug_unicode\服务器组件.tlog\link.read.1.tlog
d:\projects\trunk\server\server\游戏组件\大连客户\新百家乐（超级抢庄版）\游戏服务器\debug_unicode\服务器组件.tlog\link.write.1.tlog
d:\projects\trunk\server\server\游戏组件\大连客户\新百家乐（超级抢庄版）\游戏服务器\debug_unicode\服务器组件.tlog\rc.command.1.tlog
d:\projects\trunk\server\server\游戏组件\大连客户\新百家乐（超级抢庄版）\游戏服务器\debug_unicode\服务器组件.tlog\rc.read.1.tlog
d:\projects\trunk\server\server\游戏组件\大连客户\新百家乐（超级抢庄版）\游戏服务器\debug_unicode\服务器组件.tlog\rc.write.1.tlog
d:\projects\trunk\server\server\游戏组件\大连客户\新百家乐（超级抢庄版）\游戏服务器\debug_unicode\服务器组件.tlog\服务器组件.write.1u.tlog
