i:\qmqp\server\游戏组件\豪车俱乐部\服务器控制\release_unicode\luxurycarservercontrol.pch
i:\qmqp\server\游戏组件\豪车俱乐部\服务器控制\release_unicode\vc140.pdb
i:\qmqp\server\游戏组件\豪车俱乐部\服务器控制\release_unicode\stdafx.obj
i:\qmqp\server\游戏组件\豪车俱乐部\服务器控制\release_unicode\servercontrolitemsink.obj
i:\qmqp\server\游戏组件\豪车俱乐部\服务器控制\release_unicode\servercontrol.obj
i:\qmqp\server\游戏组件\豪车俱乐部\服务器控制\release_unicode\gamelogic.obj
i:\qmqp\server\运行\release\unicode\luxurycarservercontrol.dll
i:\qmqp\server\游戏组件\豪车俱乐部\服务器控制\release_unicode\luxurycarservercontrol.pdb
i:\qmqp\server\游戏组件\豪车俱乐部\服务器控制\release_unicode\servercontrol.res
i:\qmqp\server\游戏组件\豪车俱乐部\服务器控制\release_unicode\servercontrol.lib
i:\qmqp\server\游戏组件\豪车俱乐部\服务器控制\release_unicode\servercontrol.exp
i:\qmqp\server\游戏组件\豪车俱乐部\服务器控制\release_unicode\msado15.tli
i:\qmqp\server\游戏组件\豪车俱乐部\服务器控制\release_unicode\msado15.tlh
i:\qmqp\server\游戏组件\豪车俱乐部\服务器控制\release_unicode\控制服务器.pch
i:\qmqp\server\游戏组件\豪车俱乐部\服务器控制\release_unicode\控制服务器.pdb
i:\qmqp\server\游戏组件\豪车俱乐部\服务器控制\release_unicode\控制服务器.tlog\cl.command.1.tlog
i:\qmqp\server\游戏组件\豪车俱乐部\服务器控制\release_unicode\控制服务器.tlog\cl.read.1.tlog
i:\qmqp\server\游戏组件\豪车俱乐部\服务器控制\release_unicode\控制服务器.tlog\cl.write.1.tlog
i:\qmqp\server\游戏组件\豪车俱乐部\服务器控制\release_unicode\控制服务器.tlog\link.command.1.tlog
i:\qmqp\server\游戏组件\豪车俱乐部\服务器控制\release_unicode\控制服务器.tlog\link.read.1.tlog
i:\qmqp\server\游戏组件\豪车俱乐部\服务器控制\release_unicode\控制服务器.tlog\link.write.1.tlog
i:\qmqp\server\游戏组件\豪车俱乐部\服务器控制\release_unicode\控制服务器.tlog\rc.command.1.tlog
i:\qmqp\server\游戏组件\豪车俱乐部\服务器控制\release_unicode\控制服务器.tlog\rc.read.1.tlog
i:\qmqp\server\游戏组件\豪车俱乐部\服务器控制\release_unicode\控制服务器.tlog\rc.write.1.tlog
i:\qmqp\server\游戏组件\豪车俱乐部\服务器控制\release_unicode\控制服务器.tlog\控制服务器.write.1u.tlog
