  Stdafx.cpp
c:\program files (x86)\microsoft visual studio 14.0\vc\atlmfc\include\afx.h(38): warning C4996: 'MBCS_Support_Deprecated_In_MFC': MBCS support in MFC is deprecated and may be removed in a future version of MFC.
  c:\program files (x86)\microsoft visual studio 14.0\vc\atlmfc\include\afx.h(33): note: 参见“MBCS_Support_Deprecated_In_MFC”的声明
c:\program files (x86)\microsoft visual studio 14.0\vc\atlmfc\include\atlplus.h(26): warning C4467: 已弃用 ATL 属性的使用情况
  SkinTabCtrl.cpp
d:\space\github\旗舰大联盟\系统模块\系统模块\客户端组件\图形类库\core\uimanager.h(45): warning C4091: “typedef ”: 没有声明变量时忽略“EVENTTYPE_UI”的左侧
  SkinSplitter.cpp
d:\space\github\旗舰大联盟\系统模块\系统模块\客户端组件\图形类库\core\uimanager.h(45): warning C4091: “typedef ”: 没有声明变量时忽略“EVENTTYPE_UI”的左侧
  SkinScrollBar.cpp
d:\space\github\旗舰大联盟\系统模块\系统模块\客户端组件\图形类库\core\uimanager.h(45): warning C4091: “typedef ”: 没有声明变量时忽略“EVENTTYPE_UI”的左侧
  SkinRichEdit.cpp
d:\space\github\旗舰大联盟\系统模块\系统模块\客户端组件\图形类库\core\uimanager.h(45): warning C4091: “typedef ”: 没有声明变量时忽略“EVENTTYPE_UI”的左侧
d:\space\github\旗舰大联盟\系统模块\系统模块\客户端组件\界面控件\skinrichedit.cpp(604): warning C4302: “类型强制转换”: 从“LPSTR”到“WORD”截断
  SkinResourceManager.cpp
d:\space\github\旗舰大联盟\系统模块\系统模块\客户端组件\图形类库\core\uimanager.h(45): warning C4091: “typedef ”: 没有声明变量时忽略“EVENTTYPE_UI”的左侧
  SkinRenderManager.cpp
d:\space\github\旗舰大联盟\系统模块\系统模块\客户端组件\图形类库\core\uimanager.h(45): warning C4091: “typedef ”: 没有声明变量时忽略“EVENTTYPE_UI”的左侧
  SkinMenu.cpp
d:\space\github\旗舰大联盟\系统模块\系统模块\客户端组件\图形类库\core\uimanager.h(45): warning C4091: “typedef ”: 没有声明变量时忽略“EVENTTYPE_UI”的左侧
  SkinListCtrl.cpp
d:\space\github\旗舰大联盟\系统模块\系统模块\客户端组件\图形类库\core\uimanager.h(45): warning C4091: “typedef ”: 没有声明变量时忽略“EVENTTYPE_UI”的左侧
  SkinHyperLink.cpp
d:\space\github\旗舰大联盟\系统模块\系统模块\客户端组件\图形类库\core\uimanager.h(45): warning C4091: “typedef ”: 没有声明变量时忽略“EVENTTYPE_UI”的左侧
  SkinEncircle.cpp
d:\space\github\旗舰大联盟\系统模块\系统模块\客户端组件\图形类库\core\uimanager.h(45): warning C4091: “typedef ”: 没有声明变量时忽略“EVENTTYPE_UI”的左侧
  SkinEdit.cpp
d:\space\github\旗舰大联盟\系统模块\系统模块\客户端组件\图形类库\core\uimanager.h(45): warning C4091: “typedef ”: 没有声明变量时忽略“EVENTTYPE_UI”的左侧
  SkinDpi.cpp
d:\space\github\旗舰大联盟\系统模块\系统模块\客户端组件\图形类库\core\uimanager.h(45): warning C4091: “typedef ”: 没有声明变量时忽略“EVENTTYPE_UI”的左侧
  SkinDialog.cpp
d:\space\github\旗舰大联盟\系统模块\系统模块\客户端组件\图形类库\core\uimanager.h(45): warning C4091: “typedef ”: 没有声明变量时忽略“EVENTTYPE_UI”的左侧
  SkinControl.cpp
d:\space\github\旗舰大联盟\系统模块\系统模块\客户端组件\图形类库\core\uimanager.h(45): warning C4091: “typedef ”: 没有声明变量时忽略“EVENTTYPE_UI”的左侧
  SkinComboBox.cpp
d:\space\github\旗舰大联盟\系统模块\系统模块\客户端组件\图形类库\core\uimanager.h(45): warning C4091: “typedef ”: 没有声明变量时忽略“EVENTTYPE_UI”的左侧
  SkinButton.cpp
d:\space\github\旗舰大联盟\系统模块\系统模块\客户端组件\图形类库\core\uimanager.h(45): warning C4091: “typedef ”: 没有声明变量时忽略“EVENTTYPE_UI”的左侧
  正在生成代码...
C:\Program Files (x86)\MSBuild\Microsoft.Cpp\v4.0\V140\Microsoft.CppBuild.targets(1189,5): warning MSB8012: TargetPath(D:\Space\Github\旗舰大联盟\系统模块\系统模块\客户端组件\界面控件\Debug\界面控件.dll) does not match the Linker's OutputFile property value (D:\Space\Github\旗舰大联盟\系统模块\运行\Debug\Ansi\SkinControlD.dll). This may cause your project to build incorrectly. To correct this, please make sure that $(OutDir), $(TargetName) and $(TargetExt) property values match the value specified in %(Link.OutputFile).
C:\Program Files (x86)\MSBuild\Microsoft.Cpp\v4.0\V140\Microsoft.CppBuild.targets(1191,5): warning MSB8012: TargetName(界面控件) does not match the Linker's OutputFile property value (SkinControlD). This may cause your project to build incorrectly. To correct this, please make sure that $(OutDir), $(TargetName) and $(TargetExt) property values match the value specified in %(Link.OutputFile).
SkinButton.obj : warning LNK4075: 忽略“/EDITANDCONTINUE”(由于“/SAFESEH”规范)
Detours.lib(detours.obj) : error LNK2026: 模块对于 SAFESEH 映像是不安全的。
Detours.lib(disasm.obj) : error LNK2026: 模块对于 SAFESEH 映像是不安全的。
    正在创建库 ../../链接库/Ansi/SkinControlD.lib 和对象 ../../链接库/Ansi/SkinControlD.exp
msvcrtd.lib(initializers.obj) : warning LNK4098: 默认库“msvcrt.lib”与其他库的使用冲突；请使用 /NODEFAULTLIB:library
../../../运行/Debug/Ansi/SkinControlD.dll : fatal error LNK1281: 无法生成 SAFESEH 映像。
