d:\projects\trunk\server\server\运行\debug\unicode\baccaratnewandroid.lib
d:\projects\trunk\server\server\运行\debug\unicode\baccaratnewandroid.exp
d:\projects\trunk\server\server\游戏组件\大连客户\新百家乐（超级抢庄版）\机器人服务\debug_unicode\baccaratnewandroid.pch
d:\projects\trunk\server\server\游戏组件\大连客户\新百家乐（超级抢庄版）\机器人服务\debug_unicode\vc140.pdb
d:\projects\trunk\server\server\游戏组件\大连客户\新百家乐（超级抢庄版）\机器人服务\debug_unicode\vc140.idb
d:\projects\trunk\server\server\游戏组件\大连客户\新百家乐（超级抢庄版）\机器人服务\debug_unicode\stdafx.obj
d:\projects\trunk\server\server\游戏组件\大连客户\新百家乐（超级抢庄版）\机器人服务\debug_unicode\androidservice.obj
d:\projects\trunk\server\server\游戏组件\大连客户\新百家乐（超级抢庄版）\机器人服务\debug_unicode\androidservicemanager.obj
d:\projects\trunk\server\server\游戏组件\大连客户\新百家乐（超级抢庄版）\机器人服务\debug_unicode\androiduseritemsink.obj
d:\projects\trunk\server\server\运行\debug\unicode\baccaratnewandroid.ilk
d:\projects\trunk\server\server\运行\debug\unicode\baccaratnewandroid.dll
d:\projects\trunk\server\server\运行\debug\unicode\baccaratnewandroid.pdb
d:\projects\trunk\server\server\游戏组件\大连客户\新百家乐（超级抢庄版）\机器人服务\debug_unicode\androidservice.res
d:\projects\trunk\server\server\游戏组件\大连客户\新百家乐（超级抢庄版）\机器人服务\debug_unicode\flash.tli
d:\projects\trunk\server\server\游戏组件\大连客户\新百家乐（超级抢庄版）\机器人服务\debug_unicode\msado15.tli
d:\projects\trunk\server\server\游戏组件\大连客户\新百家乐（超级抢庄版）\机器人服务\debug_unicode\flash.tlh
d:\projects\trunk\server\server\游戏组件\大连客户\新百家乐（超级抢庄版）\机器人服务\debug_unicode\msado15.tlh
d:\projects\trunk\server\server\游戏组件\大连客户\新百家乐（超级抢庄版）\机器人服务\../../../../运行/debug/unicode/baccaratnewandroid.dll
d:\projects\trunk\server\server\游戏组件\大连客户\新百家乐（超级抢庄版）\机器人服务\debug_unicode\ai组件.tlog\ai组件.write.1u.tlog
d:\projects\trunk\server\server\游戏组件\大连客户\新百家乐（超级抢庄版）\机器人服务\debug_unicode\ai组件.tlog\cl.command.1.tlog
d:\projects\trunk\server\server\游戏组件\大连客户\新百家乐（超级抢庄版）\机器人服务\debug_unicode\ai组件.tlog\cl.read.1.tlog
d:\projects\trunk\server\server\游戏组件\大连客户\新百家乐（超级抢庄版）\机器人服务\debug_unicode\ai组件.tlog\cl.write.1.tlog
d:\projects\trunk\server\server\游戏组件\大连客户\新百家乐（超级抢庄版）\机器人服务\debug_unicode\ai组件.tlog\link.command.1.tlog
d:\projects\trunk\server\server\游戏组件\大连客户\新百家乐（超级抢庄版）\机器人服务\debug_unicode\ai组件.tlog\link.read.1.tlog
d:\projects\trunk\server\server\游戏组件\大连客户\新百家乐（超级抢庄版）\机器人服务\debug_unicode\ai组件.tlog\link.write.1.tlog
d:\projects\trunk\server\server\游戏组件\大连客户\新百家乐（超级抢庄版）\机器人服务\debug_unicode\ai组件.tlog\rc.command.1.tlog
d:\projects\trunk\server\server\游戏组件\大连客户\新百家乐（超级抢庄版）\机器人服务\debug_unicode\ai组件.tlog\rc.read.1.tlog
d:\projects\trunk\server\server\游戏组件\大连客户\新百家乐（超级抢庄版）\机器人服务\debug_unicode\ai组件.tlog\rc.write.1.tlog
